
*** Running vivado
    with args -log reg_file.vds -m64 -product Vivado -mode batch -messageDb vivado.pb -notrace -source reg_file.tcl


ECHO is off.
ECHO is off.

****** Vivado v2023.2.2 (64-bit)
  **** SW Build 4126759 on Thu Feb  8 23:53:51 MST 2024
  **** IP Build 4126054 on Fri Feb  9 11:39:09 MST 2024
  **** SharedData Build 4115275 on Tue Jan 30 00:40:57 MST 2024
    ** Copyright 1986-2022 Xilinx, Inc. All Rights Reserved.
    ** Copyright 2022-2024 Advanced Micro Devices, Inc. All Rights Reserved.

source reg_file.tcl -notrace
create_project: Time (s): cpu = 00:00:05 ; elapsed = 00:00:09 . Memory (MB): peak = 488.215 ; gain = 183.184
Command: read_checkpoint -auto_incremental -incremental {C:/Users/sebi/OneDrive - Technical University of Cluj-Napoca/Documents/Facultate/Anul 2/Semestrul 2/CA - Computer Architecture/utcn-ca-labs/lab_3/lab_3.srcs/utils_1/imports/synth_1/reg_file.dcp}
INFO: [Vivado 12-5825] Read reference checkpoint from C:/Users/sebi/OneDrive - Technical University of Cluj-Napoca/Documents/Facultate/Anul 2/Semestrul 2/CA - Computer Architecture/utcn-ca-labs/lab_3/lab_3.srcs/utils_1/imports/synth_1/reg_file.dcp for incremental synthesis
INFO: [Vivado 12-7989] Please ensure there are no constraint changes
Command: synth_design -top reg_file -part xc7a100tcsg324-1
Starting synth_design
Attempting to get a license for feature 'Synthesis' and/or device 'xc7a100t'
INFO: [Common 17-349] Got license for feature 'Synthesis' and/or device 'xc7a100t'
INFO: [Device 21-403] Loading part xc7a100tcsg324-1
INFO: [Designutils 20-5440] No compile time benefit to using incremental synthesis; A full resynthesis will be run
INFO: [Designutils 20-4379] Flow is switching to default flow due to incremental criteria not met. If you would like to alter this behaviour and have the flow terminate instead, please set the following parameter config_implementation {autoIncr.Synth.RejectBehavior Terminate}
INFO: [Synth 8-7079] Multithreading enabled for synth_design using a maximum of 2 processes.
INFO: [Synth 8-7078] Launching helper process for spawning children vivado processes
INFO: [Synth 8-7075] Helper process launched with PID 3356
---------------------------------------------------------------------------------
Starting RTL Elaboration : Time (s): cpu = 00:00:04 ; elapsed = 00:00:07 . Memory (MB): peak = 1341.133 ; gain = 441.520
---------------------------------------------------------------------------------
INFO: [Synth 8-638] synthesizing module 'reg_file' [C:/Users/sebi/OneDrive - Technical University of Cluj-Napoca/Documents/Facultate/Anul 2/Semestrul 2/CA - Computer Architecture/utcn-ca-labs/lab_3/lab_3.srcs/sources_1/new/reg_file.vhd:21]
INFO: [Synth 8-256] done synthesizing module 'reg_file' (0#1) [C:/Users/sebi/OneDrive - Technical University of Cluj-Napoca/Documents/Facultate/Anul 2/Semestrul 2/CA - Computer Architecture/utcn-ca-labs/lab_3/lab_3.srcs/sources_1/new/reg_file.vhd:21]
---------------------------------------------------------------------------------
Finished RTL Elaboration : Time (s): cpu = 00:00:06 ; elapsed = 00:00:11 . Memory (MB): peak = 1448.008 ; gain = 548.395
---------------------------------------------------------------------------------
---------------------------------------------------------------------------------
Start Handling Custom Attributes
---------------------------------------------------------------------------------
---------------------------------------------------------------------------------
Finished Handling Custom Attributes : Time (s): cpu = 00:00:06 ; elapsed = 00:00:11 . Memory (MB): peak = 1448.008 ; gain = 548.395
---------------------------------------------------------------------------------
---------------------------------------------------------------------------------
Finished RTL Optimization Phase 1 : Time (s): cpu = 00:00:06 ; elapsed = 00:00:11 . Memory (MB): peak = 1448.008 ; gain = 548.395
---------------------------------------------------------------------------------
Netlist sorting complete. Time (s): cpu = 00:00:00 ; elapsed = 00:00:00 . Memory (MB): peak = 1448.008 ; gain = 0.000
INFO: [Project 1-570] Preparing netlist for logic optimization

Processing XDC Constraints
Initializing timing engine
Parsing XDC File [C:/Users/sebi/OneDrive - Technical University of Cluj-Napoca/Documents/Facultate/Anul 2/Semestrul 2/CA - Computer Architecture/utcn-ca-labs/lab_3/lab_3.srcs/constrs_1/new/nexys.xdc]
WARNING: [Vivado 12-584] No ports matched 'sw[0]'. [C:/Users/sebi/OneDrive - Technical University of Cluj-Napoca/Documents/Facultate/Anul 2/Semestrul 2/CA - Computer Architecture/utcn-ca-labs/lab_3/lab_3.srcs/constrs_1/new/nexys.xdc:12]
CRITICAL WARNING: [Common 17-55] 'set_property' expects at least one object. [C:/Users/sebi/OneDrive - Technical University of Cluj-Napoca/Documents/Facultate/Anul 2/Semestrul 2/CA - Computer Architecture/utcn-ca-labs/lab_3/lab_3.srcs/constrs_1/new/nexys.xdc:12]
Resolution: If [get_<value>] was used to populate the object, check to make sure this command returns at least one valid object.
WARNING: [Vivado 12-584] No ports matched 'sw[1]'. [C:/Users/sebi/OneDrive - Technical University of Cluj-Napoca/Documents/Facultate/Anul 2/Semestrul 2/CA - Computer Architecture/utcn-ca-labs/lab_3/lab_3.srcs/constrs_1/new/nexys.xdc:13]
CRITICAL WARNING: [Common 17-55] 'set_property' expects at least one object. [C:/Users/sebi/OneDrive - Technical University of Cluj-Napoca/Documents/Facultate/Anul 2/Semestrul 2/CA - Computer Architecture/utcn-ca-labs/lab_3/lab_3.srcs/constrs_1/new/nexys.xdc:13]
Resolution: If [get_<value>] was used to populate the object, check to make sure this command returns at least one valid object.
WARNING: [Vivado 12-584] No ports matched 'sw[2]'. [C:/Users/sebi/OneDrive - Technical University of Cluj-Napoca/Documents/Facultate/Anul 2/Semestrul 2/CA - Computer Architecture/utcn-ca-labs/lab_3/lab_3.srcs/constrs_1/new/nexys.xdc:14]
CRITICAL WARNING: [Common 17-55] 'set_property' expects at least one object. [C:/Users/sebi/OneDrive - Technical University of Cluj-Napoca/Documents/Facultate/Anul 2/Semestrul 2/CA - Computer Architecture/utcn-ca-labs/lab_3/lab_3.srcs/constrs_1/new/nexys.xdc:14]
Resolution: If [get_<value>] was used to populate the object, check to make sure this command returns at least one valid object.
WARNING: [Vivado 12-584] No ports matched 'sw[3]'. [C:/Users/sebi/OneDrive - Technical University of Cluj-Napoca/Documents/Facultate/Anul 2/Semestrul 2/CA - Computer Architecture/utcn-ca-labs/lab_3/lab_3.srcs/constrs_1/new/nexys.xdc:15]
CRITICAL WARNING: [Common 17-55] 'set_property' expects at least one object. [C:/Users/sebi/OneDrive - Technical University of Cluj-Napoca/Documents/Facultate/Anul 2/Semestrul 2/CA - Computer Architecture/utcn-ca-labs/lab_3/lab_3.srcs/constrs_1/new/nexys.xdc:15]
Resolution: If [get_<value>] was used to populate the object, check to make sure this command returns at least one valid object.
WARNING: [Vivado 12-584] No ports matched 'sw[4]'. [C:/Users/sebi/OneDrive - Technical University of Cluj-Napoca/Documents/Facultate/Anul 2/Semestrul 2/CA - Computer Architecture/utcn-ca-labs/lab_3/lab_3.srcs/constrs_1/new/nexys.xdc:16]
CRITICAL WARNING: [Common 17-55] 'set_property' expects at least one object. [C:/Users/sebi/OneDrive - Technical University of Cluj-Napoca/Documents/Facultate/Anul 2/Semestrul 2/CA - Computer Architecture/utcn-ca-labs/lab_3/lab_3.srcs/constrs_1/new/nexys.xdc:16]
Resolution: If [get_<value>] was used to populate the object, check to make sure this command returns at least one valid object.
WARNING: [Vivado 12-584] No ports matched 'sw[5]'. [C:/Users/sebi/OneDrive - Technical University of Cluj-Napoca/Documents/Facultate/Anul 2/Semestrul 2/CA - Computer Architecture/utcn-ca-labs/lab_3/lab_3.srcs/constrs_1/new/nexys.xdc:17]
CRITICAL WARNING: [Common 17-55] 'set_property' expects at least one object. [C:/Users/sebi/OneDrive - Technical University of Cluj-Napoca/Documents/Facultate/Anul 2/Semestrul 2/CA - Computer Architecture/utcn-ca-labs/lab_3/lab_3.srcs/constrs_1/new/nexys.xdc:17]
Resolution: If [get_<value>] was used to populate the object, check to make sure this command returns at least one valid object.
WARNING: [Vivado 12-584] No ports matched 'sw[6]'. [C:/Users/sebi/OneDrive - Technical University of Cluj-Napoca/Documents/Facultate/Anul 2/Semestrul 2/CA - Computer Architecture/utcn-ca-labs/lab_3/lab_3.srcs/constrs_1/new/nexys.xdc:18]
CRITICAL WARNING: [Common 17-55] 'set_property' expects at least one object. [C:/Users/sebi/OneDrive - Technical University of Cluj-Napoca/Documents/Facultate/Anul 2/Semestrul 2/CA - Computer Architecture/utcn-ca-labs/lab_3/lab_3.srcs/constrs_1/new/nexys.xdc:18]
Resolution: If [get_<value>] was used to populate the object, check to make sure this command returns at least one valid object.
WARNING: [Vivado 12-584] No ports matched 'sw[7]'. [C:/Users/sebi/OneDrive - Technical University of Cluj-Napoca/Documents/Facultate/Anul 2/Semestrul 2/CA - Computer Architecture/utcn-ca-labs/lab_3/lab_3.srcs/constrs_1/new/nexys.xdc:19]
CRITICAL WARNING: [Common 17-55] 'set_property' expects at least one object. [C:/Users/sebi/OneDrive - Technical University of Cluj-Napoca/Documents/Facultate/Anul 2/Semestrul 2/CA - Computer Architecture/utcn-ca-labs/lab_3/lab_3.srcs/constrs_1/new/nexys.xdc:19]
Resolution: If [get_<value>] was used to populate the object, check to make sure this command returns at least one valid object.
WARNING: [Vivado 12-584] No ports matched 'sw[8]'. [C:/Users/sebi/OneDrive - Technical University of Cluj-Napoca/Documents/Facultate/Anul 2/Semestrul 2/CA - Computer Architecture/utcn-ca-labs/lab_3/lab_3.srcs/constrs_1/new/nexys.xdc:20]
CRITICAL WARNING: [Common 17-55] 'set_property' expects at least one object. [C:/Users/sebi/OneDrive - Technical University of Cluj-Napoca/Documents/Facultate/Anul 2/Semestrul 2/CA - Computer Architecture/utcn-ca-labs/lab_3/lab_3.srcs/constrs_1/new/nexys.xdc:20]
Resolution: If [get_<value>] was used to populate the object, check to make sure this command returns at least one valid object.
WARNING: [Vivado 12-584] No ports matched 'sw[9]'. [C:/Users/sebi/OneDrive - Technical University of Cluj-Napoca/Documents/Facultate/Anul 2/Semestrul 2/CA - Computer Architecture/utcn-ca-labs/lab_3/lab_3.srcs/constrs_1/new/nexys.xdc:21]
CRITICAL WARNING: [Common 17-55] 'set_property' expects at least one object. [C:/Users/sebi/OneDrive - Technical University of Cluj-Napoca/Documents/Facultate/Anul 2/Semestrul 2/CA - Computer Architecture/utcn-ca-labs/lab_3/lab_3.srcs/constrs_1/new/nexys.xdc:21]
Resolution: If [get_<value>] was used to populate the object, check to make sure this command returns at least one valid object.
WARNING: [Vivado 12-584] No ports matched 'sw[10]'. [C:/Users/sebi/OneDrive - Technical University of Cluj-Napoca/Documents/Facultate/Anul 2/Semestrul 2/CA - Computer Architecture/utcn-ca-labs/lab_3/lab_3.srcs/constrs_1/new/nexys.xdc:22]
CRITICAL WARNING: [Common 17-55] 'set_property' expects at least one object. [C:/Users/sebi/OneDrive - Technical University of Cluj-Napoca/Documents/Facultate/Anul 2/Semestrul 2/CA - Computer Architecture/utcn-ca-labs/lab_3/lab_3.srcs/constrs_1/new/nexys.xdc:22]
Resolution: If [get_<value>] was used to populate the object, check to make sure this command returns at least one valid object.
WARNING: [Vivado 12-584] No ports matched 'sw[11]'. [C:/Users/sebi/OneDrive - Technical University of Cluj-Napoca/Documents/Facultate/Anul 2/Semestrul 2/CA - Computer Architecture/utcn-ca-labs/lab_3/lab_3.srcs/constrs_1/new/nexys.xdc:23]
CRITICAL WARNING: [Common 17-55] 'set_property' expects at least one object. [C:/Users/sebi/OneDrive - Technical University of Cluj-Napoca/Documents/Facultate/Anul 2/Semestrul 2/CA - Computer Architecture/utcn-ca-labs/lab_3/lab_3.srcs/constrs_1/new/nexys.xdc:23]
Resolution: If [get_<value>] was used to populate the object, check to make sure this command returns at least one valid object.
WARNING: [Vivado 12-584] No ports matched 'sw[12]'. [C:/Users/sebi/OneDrive - Technical University of Cluj-Napoca/Documents/Facultate/Anul 2/Semestrul 2/CA - Computer Architecture/utcn-ca-labs/lab_3/lab_3.srcs/constrs_1/new/nexys.xdc:24]
CRITICAL WARNING: [Common 17-55] 'set_property' expects at least one object. [C:/Users/sebi/OneDrive - Technical University of Cluj-Napoca/Documents/Facultate/Anul 2/Semestrul 2/CA - Computer Architecture/utcn-ca-labs/lab_3/lab_3.srcs/constrs_1/new/nexys.xdc:24]
Resolution: If [get_<value>] was used to populate the object, check to make sure this command returns at least one valid object.
WARNING: [Vivado 12-584] No ports matched 'sw[13]'. [C:/Users/sebi/OneDrive - Technical University of Cluj-Napoca/Documents/Facultate/Anul 2/Semestrul 2/CA - Computer Architecture/utcn-ca-labs/lab_3/lab_3.srcs/constrs_1/new/nexys.xdc:25]
CRITICAL WARNING: [Common 17-55] 'set_property' expects at least one object. [C:/Users/sebi/OneDrive - Technical University of Cluj-Napoca/Documents/Facultate/Anul 2/Semestrul 2/CA - Computer Architecture/utcn-ca-labs/lab_3/lab_3.srcs/constrs_1/new/nexys.xdc:25]
Resolution: If [get_<value>] was used to populate the object, check to make sure this command returns at least one valid object.
WARNING: [Vivado 12-584] No ports matched 'sw[14]'. [C:/Users/sebi/OneDrive - Technical University of Cluj-Napoca/Documents/Facultate/Anul 2/Semestrul 2/CA - Computer Architecture/utcn-ca-labs/lab_3/lab_3.srcs/constrs_1/new/nexys.xdc:26]
CRITICAL WARNING: [Common 17-55] 'set_property' expects at least one object. [C:/Users/sebi/OneDrive - Technical University of Cluj-Napoca/Documents/Facultate/Anul 2/Semestrul 2/CA - Computer Architecture/utcn-ca-labs/lab_3/lab_3.srcs/constrs_1/new/nexys.xdc:26]
Resolution: If [get_<value>] was used to populate the object, check to make sure this command returns at least one valid object.
WARNING: [Vivado 12-584] No ports matched 'sw[15]'. [C:/Users/sebi/OneDrive - Technical University of Cluj-Napoca/Documents/Facultate/Anul 2/Semestrul 2/CA - Computer Architecture/utcn-ca-labs/lab_3/lab_3.srcs/constrs_1/new/nexys.xdc:27]
CRITICAL WARNING: [Common 17-55] 'set_property' expects at least one object. [C:/Users/sebi/OneDrive - Technical University of Cluj-Napoca/Documents/Facultate/Anul 2/Semestrul 2/CA - Computer Architecture/utcn-ca-labs/lab_3/lab_3.srcs/constrs_1/new/nexys.xdc:27]
Resolution: If [get_<value>] was used to populate the object, check to make sure this command returns at least one valid object.
WARNING: [Vivado 12-584] No ports matched 'led[0]'. [C:/Users/sebi/OneDrive - Technical University of Cluj-Napoca/Documents/Facultate/Anul 2/Semestrul 2/CA - Computer Architecture/utcn-ca-labs/lab_3/lab_3.srcs/constrs_1/new/nexys.xdc:30]
CRITICAL WARNING: [Common 17-55] 'set_property' expects at least one object. [C:/Users/sebi/OneDrive - Technical University of Cluj-Napoca/Documents/Facultate/Anul 2/Semestrul 2/CA - Computer Architecture/utcn-ca-labs/lab_3/lab_3.srcs/constrs_1/new/nexys.xdc:30]
Resolution: If [get_<value>] was used to populate the object, check to make sure this command returns at least one valid object.
WARNING: [Vivado 12-584] No ports matched 'led[1]'. [C:/Users/sebi/OneDrive - Technical University of Cluj-Napoca/Documents/Facultate/Anul 2/Semestrul 2/CA - Computer Architecture/utcn-ca-labs/lab_3/lab_3.srcs/constrs_1/new/nexys.xdc:31]
CRITICAL WARNING: [Common 17-55] 'set_property' expects at least one object. [C:/Users/sebi/OneDrive - Technical University of Cluj-Napoca/Documents/Facultate/Anul 2/Semestrul 2/CA - Computer Architecture/utcn-ca-labs/lab_3/lab_3.srcs/constrs_1/new/nexys.xdc:31]
Resolution: If [get_<value>] was used to populate the object, check to make sure this command returns at least one valid object.
WARNING: [Vivado 12-584] No ports matched 'led[2]'. [C:/Users/sebi/OneDrive - Technical University of Cluj-Napoca/Documents/Facultate/Anul 2/Semestrul 2/CA - Computer Architecture/utcn-ca-labs/lab_3/lab_3.srcs/constrs_1/new/nexys.xdc:32]
CRITICAL WARNING: [Common 17-55] 'set_property' expects at least one object. [C:/Users/sebi/OneDrive - Technical University of Cluj-Napoca/Documents/Facultate/Anul 2/Semestrul 2/CA - Computer Architecture/utcn-ca-labs/lab_3/lab_3.srcs/constrs_1/new/nexys.xdc:32]
Resolution: If [get_<value>] was used to populate the object, check to make sure this command returns at least one valid object.
WARNING: [Vivado 12-584] No ports matched 'led[3]'. [C:/Users/sebi/OneDrive - Technical University of Cluj-Napoca/Documents/Facultate/Anul 2/Semestrul 2/CA - Computer Architecture/utcn-ca-labs/lab_3/lab_3.srcs/constrs_1/new/nexys.xdc:33]
CRITICAL WARNING: [Common 17-55] 'set_property' expects at least one object. [C:/Users/sebi/OneDrive - Technical University of Cluj-Napoca/Documents/Facultate/Anul 2/Semestrul 2/CA - Computer Architecture/utcn-ca-labs/lab_3/lab_3.srcs/constrs_1/new/nexys.xdc:33]
Resolution: If [get_<value>] was used to populate the object, check to make sure this command returns at least one valid object.
WARNING: [Vivado 12-584] No ports matched 'led[4]'. [C:/Users/sebi/OneDrive - Technical University of Cluj-Napoca/Documents/Facultate/Anul 2/Semestrul 2/CA - Computer Architecture/utcn-ca-labs/lab_3/lab_3.srcs/constrs_1/new/nexys.xdc:34]
CRITICAL WARNING: [Common 17-55] 'set_property' expects at least one object. [C:/Users/sebi/OneDrive - Technical University of Cluj-Napoca/Documents/Facultate/Anul 2/Semestrul 2/CA - Computer Architecture/utcn-ca-labs/lab_3/lab_3.srcs/constrs_1/new/nexys.xdc:34]
Resolution: If [get_<value>] was used to populate the object, check to make sure this command returns at least one valid object.
WARNING: [Vivado 12-584] No ports matched 'led[5]'. [C:/Users/sebi/OneDrive - Technical University of Cluj-Napoca/Documents/Facultate/Anul 2/Semestrul 2/CA - Computer Architecture/utcn-ca-labs/lab_3/lab_3.srcs/constrs_1/new/nexys.xdc:35]
CRITICAL WARNING: [Common 17-55] 'set_property' expects at least one object. [C:/Users/sebi/OneDrive - Technical University of Cluj-Napoca/Documents/Facultate/Anul 2/Semestrul 2/CA - Computer Architecture/utcn-ca-labs/lab_3/lab_3.srcs/constrs_1/new/nexys.xdc:35]
Resolution: If [get_<value>] was used to populate the object, check to make sure this command returns at least one valid object.
WARNING: [Vivado 12-584] No ports matched 'led[6]'. [C:/Users/sebi/OneDrive - Technical University of Cluj-Napoca/Documents/Facultate/Anul 2/Semestrul 2/CA - Computer Architecture/utcn-ca-labs/lab_3/lab_3.srcs/constrs_1/new/nexys.xdc:36]
CRITICAL WARNING: [Common 17-55] 'set_property' expects at least one object. [C:/Users/sebi/OneDrive - Technical University of Cluj-Napoca/Documents/Facultate/Anul 2/Semestrul 2/CA - Computer Architecture/utcn-ca-labs/lab_3/lab_3.srcs/constrs_1/new/nexys.xdc:36]
Resolution: If [get_<value>] was used to populate the object, check to make sure this command returns at least one valid object.
WARNING: [Vivado 12-584] No ports matched 'led[7]'. [C:/Users/sebi/OneDrive - Technical University of Cluj-Napoca/Documents/Facultate/Anul 2/Semestrul 2/CA - Computer Architecture/utcn-ca-labs/lab_3/lab_3.srcs/constrs_1/new/nexys.xdc:37]
CRITICAL WARNING: [Common 17-55] 'set_property' expects at least one object. [C:/Users/sebi/OneDrive - Technical University of Cluj-Napoca/Documents/Facultate/Anul 2/Semestrul 2/CA - Computer Architecture/utcn-ca-labs/lab_3/lab_3.srcs/constrs_1/new/nexys.xdc:37]
Resolution: If [get_<value>] was used to populate the object, check to make sure this command returns at least one valid object.
WARNING: [Vivado 12-584] No ports matched 'led[8]'. [C:/Users/sebi/OneDrive - Technical University of Cluj-Napoca/Documents/Facultate/Anul 2/Semestrul 2/CA - Computer Architecture/utcn-ca-labs/lab_3/lab_3.srcs/constrs_1/new/nexys.xdc:38]
CRITICAL WARNING: [Common 17-55] 'set_property' expects at least one object. [C:/Users/sebi/OneDrive - Technical University of Cluj-Napoca/Documents/Facultate/Anul 2/Semestrul 2/CA - Computer Architecture/utcn-ca-labs/lab_3/lab_3.srcs/constrs_1/new/nexys.xdc:38]
Resolution: If [get_<value>] was used to populate the object, check to make sure this command returns at least one valid object.
WARNING: [Vivado 12-584] No ports matched 'led[9]'. [C:/Users/sebi/OneDrive - Technical University of Cluj-Napoca/Documents/Facultate/Anul 2/Semestrul 2/CA - Computer Architecture/utcn-ca-labs/lab_3/lab_3.srcs/constrs_1/new/nexys.xdc:39]
CRITICAL WARNING: [Common 17-55] 'set_property' expects at least one object. [C:/Users/sebi/OneDrive - Technical University of Cluj-Napoca/Documents/Facultate/Anul 2/Semestrul 2/CA - Computer Architecture/utcn-ca-labs/lab_3/lab_3.srcs/constrs_1/new/nexys.xdc:39]
Resolution: If [get_<value>] was used to populate the object, check to make sure this command returns at least one valid object.
WARNING: [Vivado 12-584] No ports matched 'led[10]'. [C:/Users/sebi/OneDrive - Technical University of Cluj-Napoca/Documents/Facultate/Anul 2/Semestrul 2/CA - Computer Architecture/utcn-ca-labs/lab_3/lab_3.srcs/constrs_1/new/nexys.xdc:40]
CRITICAL WARNING: [Common 17-55] 'set_property' expects at least one object. [C:/Users/sebi/OneDrive - Technical University of Cluj-Napoca/Documents/Facultate/Anul 2/Semestrul 2/CA - Computer Architecture/utcn-ca-labs/lab_3/lab_3.srcs/constrs_1/new/nexys.xdc:40]
Resolution: If [get_<value>] was used to populate the object, check to make sure this command returns at least one valid object.
WARNING: [Vivado 12-584] No ports matched 'led[11]'. [C:/Users/sebi/OneDrive - Technical University of Cluj-Napoca/Documents/Facultate/Anul 2/Semestrul 2/CA - Computer Architecture/utcn-ca-labs/lab_3/lab_3.srcs/constrs_1/new/nexys.xdc:41]
CRITICAL WARNING: [Common 17-55] 'set_property' expects at least one object. [C:/Users/sebi/OneDrive - Technical University of Cluj-Napoca/Documents/Facultate/Anul 2/Semestrul 2/CA - Computer Architecture/utcn-ca-labs/lab_3/lab_3.srcs/constrs_1/new/nexys.xdc:41]
Resolution: If [get_<value>] was used to populate the object, check to make sure this command returns at least one valid object.
WARNING: [Vivado 12-584] No ports matched 'led[12]'. [C:/Users/sebi/OneDrive - Technical University of Cluj-Napoca/Documents/Facultate/Anul 2/Semestrul 2/CA - Computer Architecture/utcn-ca-labs/lab_3/lab_3.srcs/constrs_1/new/nexys.xdc:42]
CRITICAL WARNING: [Common 17-55] 'set_property' expects at least one object. [C:/Users/sebi/OneDrive - Technical University of Cluj-Napoca/Documents/Facultate/Anul 2/Semestrul 2/CA - Computer Architecture/utcn-ca-labs/lab_3/lab_3.srcs/constrs_1/new/nexys.xdc:42]
Resolution: If [get_<value>] was used to populate the object, check to make sure this command returns at least one valid object.
WARNING: [Vivado 12-584] No ports matched 'led[13]'. [C:/Users/sebi/OneDrive - Technical University of Cluj-Napoca/Documents/Facultate/Anul 2/Semestrul 2/CA - Computer Architecture/utcn-ca-labs/lab_3/lab_3.srcs/constrs_1/new/nexys.xdc:43]
CRITICAL WARNING: [Common 17-55] 'set_property' expects at least one object. [C:/Users/sebi/OneDrive - Technical University of Cluj-Napoca/Documents/Facultate/Anul 2/Semestrul 2/CA - Computer Architecture/utcn-ca-labs/lab_3/lab_3.srcs/constrs_1/new/nexys.xdc:43]
Resolution: If [get_<value>] was used to populate the object, check to make sure this command returns at least one valid object.
WARNING: [Vivado 12-584] No ports matched 'led[14]'. [C:/Users/sebi/OneDrive - Technical University of Cluj-Napoca/Documents/Facultate/Anul 2/Semestrul 2/CA - Computer Architecture/utcn-ca-labs/lab_3/lab_3.srcs/constrs_1/new/nexys.xdc:44]
CRITICAL WARNING: [Common 17-55] 'set_property' expects at least one object. [C:/Users/sebi/OneDrive - Technical University of Cluj-Napoca/Documents/Facultate/Anul 2/Semestrul 2/CA - Computer Architecture/utcn-ca-labs/lab_3/lab_3.srcs/constrs_1/new/nexys.xdc:44]
Resolution: If [get_<value>] was used to populate the object, check to make sure this command returns at least one valid object.
WARNING: [Vivado 12-584] No ports matched 'led[15]'. [C:/Users/sebi/OneDrive - Technical University of Cluj-Napoca/Documents/Facultate/Anul 2/Semestrul 2/CA - Computer Architecture/utcn-ca-labs/lab_3/lab_3.srcs/constrs_1/new/nexys.xdc:45]
CRITICAL WARNING: [Common 17-55] 'set_property' expects at least one object. [C:/Users/sebi/OneDrive - Technical University of Cluj-Napoca/Documents/Facultate/Anul 2/Semestrul 2/CA - Computer Architecture/utcn-ca-labs/lab_3/lab_3.srcs/constrs_1/new/nexys.xdc:45]
Resolution: If [get_<value>] was used to populate the object, check to make sure this command returns at least one valid object.
WARNING: [Vivado 12-584] No ports matched 'cat[0]'. [C:/Users/sebi/OneDrive - Technical University of Cluj-Napoca/Documents/Facultate/Anul 2/Semestrul 2/CA - Computer Architecture/utcn-ca-labs/lab_3/lab_3.srcs/constrs_1/new/nexys.xdc:56]
CRITICAL WARNING: [Common 17-55] 'set_property' expects at least one object. [C:/Users/sebi/OneDrive - Technical University of Cluj-Napoca/Documents/Facultate/Anul 2/Semestrul 2/CA - Computer Architecture/utcn-ca-labs/lab_3/lab_3.srcs/constrs_1/new/nexys.xdc:56]
Resolution: If [get_<value>] was used to populate the object, check to make sure this command returns at least one valid object.
WARNING: [Vivado 12-584] No ports matched 'cat[1]'. [C:/Users/sebi/OneDrive - Technical University of Cluj-Napoca/Documents/Facultate/Anul 2/Semestrul 2/CA - Computer Architecture/utcn-ca-labs/lab_3/lab_3.srcs/constrs_1/new/nexys.xdc:57]
CRITICAL WARNING: [Common 17-55] 'set_property' expects at least one object. [C:/Users/sebi/OneDrive - Technical University of Cluj-Napoca/Documents/Facultate/Anul 2/Semestrul 2/CA - Computer Architecture/utcn-ca-labs/lab_3/lab_3.srcs/constrs_1/new/nexys.xdc:57]
Resolution: If [get_<value>] was used to populate the object, check to make sure this command returns at least one valid object.
WARNING: [Vivado 12-584] No ports matched 'cat[2]'. [C:/Users/sebi/OneDrive - Technical University of Cluj-Napoca/Documents/Facultate/Anul 2/Semestrul 2/CA - Computer Architecture/utcn-ca-labs/lab_3/lab_3.srcs/constrs_1/new/nexys.xdc:58]
CRITICAL WARNING: [Common 17-55] 'set_property' expects at least one object. [C:/Users/sebi/OneDrive - Technical University of Cluj-Napoca/Documents/Facultate/Anul 2/Semestrul 2/CA - Computer Architecture/utcn-ca-labs/lab_3/lab_3.srcs/constrs_1/new/nexys.xdc:58]
Resolution: If [get_<value>] was used to populate the object, check to make sure this command returns at least one valid object.
WARNING: [Vivado 12-584] No ports matched 'cat[3]'. [C:/Users/sebi/OneDrive - Technical University of Cluj-Napoca/Documents/Facultate/Anul 2/Semestrul 2/CA - Computer Architecture/utcn-ca-labs/lab_3/lab_3.srcs/constrs_1/new/nexys.xdc:59]
CRITICAL WARNING: [Common 17-55] 'set_property' expects at least one object. [C:/Users/sebi/OneDrive - Technical University of Cluj-Napoca/Documents/Facultate/Anul 2/Semestrul 2/CA - Computer Architecture/utcn-ca-labs/lab_3/lab_3.srcs/constrs_1/new/nexys.xdc:59]
Resolution: If [get_<value>] was used to populate the object, check to make sure this command returns at least one valid object.
WARNING: [Vivado 12-584] No ports matched 'cat[4]'. [C:/Users/sebi/OneDrive - Technical University of Cluj-Napoca/Documents/Facultate/Anul 2/Semestrul 2/CA - Computer Architecture/utcn-ca-labs/lab_3/lab_3.srcs/constrs_1/new/nexys.xdc:60]
CRITICAL WARNING: [Common 17-55] 'set_property' expects at least one object. [C:/Users/sebi/OneDrive - Technical University of Cluj-Napoca/Documents/Facultate/Anul 2/Semestrul 2/CA - Computer Architecture/utcn-ca-labs/lab_3/lab_3.srcs/constrs_1/new/nexys.xdc:60]
Resolution: If [get_<value>] was used to populate the object, check to make sure this command returns at least one valid object.
WARNING: [Vivado 12-584] No ports matched 'cat[5]'. [C:/Users/sebi/OneDrive - Technical University of Cluj-Napoca/Documents/Facultate/Anul 2/Semestrul 2/CA - Computer Architecture/utcn-ca-labs/lab_3/lab_3.srcs/constrs_1/new/nexys.xdc:61]
CRITICAL WARNING: [Common 17-55] 'set_property' expects at least one object. [C:/Users/sebi/OneDrive - Technical University of Cluj-Napoca/Documents/Facultate/Anul 2/Semestrul 2/CA - Computer Architecture/utcn-ca-labs/lab_3/lab_3.srcs/constrs_1/new/nexys.xdc:61]
Resolution: If [get_<value>] was used to populate the object, check to make sure this command returns at least one valid object.
WARNING: [Vivado 12-584] No ports matched 'cat[6]'. [C:/Users/sebi/OneDrive - Technical University of Cluj-Napoca/Documents/Facultate/Anul 2/Semestrul 2/CA - Computer Architecture/utcn-ca-labs/lab_3/lab_3.srcs/constrs_1/new/nexys.xdc:62]
CRITICAL WARNING: [Common 17-55] 'set_property' expects at least one object. [C:/Users/sebi/OneDrive - Technical University of Cluj-Napoca/Documents/Facultate/Anul 2/Semestrul 2/CA - Computer Architecture/utcn-ca-labs/lab_3/lab_3.srcs/constrs_1/new/nexys.xdc:62]
Resolution: If [get_<value>] was used to populate the object, check to make sure this command returns at least one valid object.
WARNING: [Vivado 12-584] No ports matched 'an[0]'. [C:/Users/sebi/OneDrive - Technical University of Cluj-Napoca/Documents/Facultate/Anul 2/Semestrul 2/CA - Computer Architecture/utcn-ca-labs/lab_3/lab_3.srcs/constrs_1/new/nexys.xdc:64]
CRITICAL WARNING: [Common 17-55] 'set_property' expects at least one object. [C:/Users/sebi/OneDrive - Technical University of Cluj-Napoca/Documents/Facultate/Anul 2/Semestrul 2/CA - Computer Architecture/utcn-ca-labs/lab_3/lab_3.srcs/constrs_1/new/nexys.xdc:64]
Resolution: If [get_<value>] was used to populate the object, check to make sure this command returns at least one valid object.
WARNING: [Vivado 12-584] No ports matched 'an[1]'. [C:/Users/sebi/OneDrive - Technical University of Cluj-Napoca/Documents/Facultate/Anul 2/Semestrul 2/CA - Computer Architecture/utcn-ca-labs/lab_3/lab_3.srcs/constrs_1/new/nexys.xdc:65]
CRITICAL WARNING: [Common 17-55] 'set_property' expects at least one object. [C:/Users/sebi/OneDrive - Technical University of Cluj-Napoca/Documents/Facultate/Anul 2/Semestrul 2/CA - Computer Architecture/utcn-ca-labs/lab_3/lab_3.srcs/constrs_1/new/nexys.xdc:65]
Resolution: If [get_<value>] was used to populate the object, check to make sure this command returns at least one valid object.
WARNING: [Vivado 12-584] No ports matched 'an[2]'. [C:/Users/sebi/OneDrive - Technical University of Cluj-Napoca/Documents/Facultate/Anul 2/Semestrul 2/CA - Computer Architecture/utcn-ca-labs/lab_3/lab_3.srcs/constrs_1/new/nexys.xdc:66]
CRITICAL WARNING: [Common 17-55] 'set_property' expects at least one object. [C:/Users/sebi/OneDrive - Technical University of Cluj-Napoca/Documents/Facultate/Anul 2/Semestrul 2/CA - Computer Architecture/utcn-ca-labs/lab_3/lab_3.srcs/constrs_1/new/nexys.xdc:66]
Resolution: If [get_<value>] was used to populate the object, check to make sure this command returns at least one valid object.
WARNING: [Vivado 12-584] No ports matched 'an[3]'. [C:/Users/sebi/OneDrive - Technical University of Cluj-Napoca/Documents/Facultate/Anul 2/Semestrul 2/CA - Computer Architecture/utcn-ca-labs/lab_3/lab_3.srcs/constrs_1/new/nexys.xdc:67]
CRITICAL WARNING: [Common 17-55] 'set_property' expects at least one object. [C:/Users/sebi/OneDrive - Technical University of Cluj-Napoca/Documents/Facultate/Anul 2/Semestrul 2/CA - Computer Architecture/utcn-ca-labs/lab_3/lab_3.srcs/constrs_1/new/nexys.xdc:67]
Resolution: If [get_<value>] was used to populate the object, check to make sure this command returns at least one valid object.
WARNING: [Vivado 12-584] No ports matched 'an[4]'. [C:/Users/sebi/OneDrive - Technical University of Cluj-Napoca/Documents/Facultate/Anul 2/Semestrul 2/CA - Computer Architecture/utcn-ca-labs/lab_3/lab_3.srcs/constrs_1/new/nexys.xdc:68]
CRITICAL WARNING: [Common 17-55] 'set_property' expects at least one object. [C:/Users/sebi/OneDrive - Technical University of Cluj-Napoca/Documents/Facultate/Anul 2/Semestrul 2/CA - Computer Architecture/utcn-ca-labs/lab_3/lab_3.srcs/constrs_1/new/nexys.xdc:68]
Resolution: If [get_<value>] was used to populate the object, check to make sure this command returns at least one valid object.
WARNING: [Vivado 12-584] No ports matched 'an[5]'. [C:/Users/sebi/OneDrive - Technical University of Cluj-Napoca/Documents/Facultate/Anul 2/Semestrul 2/CA - Computer Architecture/utcn-ca-labs/lab_3/lab_3.srcs/constrs_1/new/nexys.xdc:69]
CRITICAL WARNING: [Common 17-55] 'set_property' expects at least one object. [C:/Users/sebi/OneDrive - Technical University of Cluj-Napoca/Documents/Facultate/Anul 2/Semestrul 2/CA - Computer Architecture/utcn-ca-labs/lab_3/lab_3.srcs/constrs_1/new/nexys.xdc:69]
Resolution: If [get_<value>] was used to populate the object, check to make sure this command returns at least one valid object.
WARNING: [Vivado 12-584] No ports matched 'an[6]'. [C:/Users/sebi/OneDrive - Technical University of Cluj-Napoca/Documents/Facultate/Anul 2/Semestrul 2/CA - Computer Architecture/utcn-ca-labs/lab_3/lab_3.srcs/constrs_1/new/nexys.xdc:70]
CRITICAL WARNING: [Common 17-55] 'set_property' expects at least one object. [C:/Users/sebi/OneDrive - Technical University of Cluj-Napoca/Documents/Facultate/Anul 2/Semestrul 2/CA - Computer Architecture/utcn-ca-labs/lab_3/lab_3.srcs/constrs_1/new/nexys.xdc:70]
Resolution: If [get_<value>] was used to populate the object, check to make sure this command returns at least one valid object.
WARNING: [Vivado 12-584] No ports matched 'an[7]'. [C:/Users/sebi/OneDrive - Technical University of Cluj-Napoca/Documents/Facultate/Anul 2/Semestrul 2/CA - Computer Architecture/utcn-ca-labs/lab_3/lab_3.srcs/constrs_1/new/nexys.xdc:71]
CRITICAL WARNING: [Common 17-55] 'set_property' expects at least one object. [C:/Users/sebi/OneDrive - Technical University of Cluj-Napoca/Documents/Facultate/Anul 2/Semestrul 2/CA - Computer Architecture/utcn-ca-labs/lab_3/lab_3.srcs/constrs_1/new/nexys.xdc:71]
Resolution: If [get_<value>] was used to populate the object, check to make sure this command returns at least one valid object.
WARNING: [Vivado 12-584] No ports matched 'btn[0]'. [C:/Users/sebi/OneDrive - Technical University of Cluj-Napoca/Documents/Facultate/Anul 2/Semestrul 2/CA - Computer Architecture/utcn-ca-labs/lab_3/lab_3.srcs/constrs_1/new/nexys.xdc:77]
CRITICAL WARNING: [Common 17-55] 'set_property' expects at least one object. [C:/Users/sebi/OneDrive - Technical University of Cluj-Napoca/Documents/Facultate/Anul 2/Semestrul 2/CA - Computer Architecture/utcn-ca-labs/lab_3/lab_3.srcs/constrs_1/new/nexys.xdc:77]
Resolution: If [get_<value>] was used to populate the object, check to make sure this command returns at least one valid object.
WARNING: [Vivado 12-584] No ports matched 'btn[1]'. [C:/Users/sebi/OneDrive - Technical University of Cluj-Napoca/Documents/Facultate/Anul 2/Semestrul 2/CA - Computer Architecture/utcn-ca-labs/lab_3/lab_3.srcs/constrs_1/new/nexys.xdc:78]
CRITICAL WARNING: [Common 17-55] 'set_property' expects at least one object. [C:/Users/sebi/OneDrive - Technical University of Cluj-Napoca/Documents/Facultate/Anul 2/Semestrul 2/CA - Computer Architecture/utcn-ca-labs/lab_3/lab_3.srcs/constrs_1/new/nexys.xdc:78]
Resolution: If [get_<value>] was used to populate the object, check to make sure this command returns at least one valid object.
WARNING: [Vivado 12-584] No ports matched 'btn[2]'. [C:/Users/sebi/OneDrive - Technical University of Cluj-Napoca/Documents/Facultate/Anul 2/Semestrul 2/CA - Computer Architecture/utcn-ca-labs/lab_3/lab_3.srcs/constrs_1/new/nexys.xdc:79]
CRITICAL WARNING: [Common 17-55] 'set_property' expects at least one object. [C:/Users/sebi/OneDrive - Technical University of Cluj-Napoca/Documents/Facultate/Anul 2/Semestrul 2/CA - Computer Architecture/utcn-ca-labs/lab_3/lab_3.srcs/constrs_1/new/nexys.xdc:79]
Resolution: If [get_<value>] was used to populate the object, check to make sure this command returns at least one valid object.
WARNING: [Vivado 12-584] No ports matched 'btn[3]'. [C:/Users/sebi/OneDrive - Technical University of Cluj-Napoca/Documents/Facultate/Anul 2/Semestrul 2/CA - Computer Architecture/utcn-ca-labs/lab_3/lab_3.srcs/constrs_1/new/nexys.xdc:80]
CRITICAL WARNING: [Common 17-55] 'set_property' expects at least one object. [C:/Users/sebi/OneDrive - Technical University of Cluj-Napoca/Documents/Facultate/Anul 2/Semestrul 2/CA - Computer Architecture/utcn-ca-labs/lab_3/lab_3.srcs/constrs_1/new/nexys.xdc:80]
Resolution: If [get_<value>] was used to populate the object, check to make sure this command returns at least one valid object.
WARNING: [Vivado 12-584] No ports matched 'btn[4]'. [C:/Users/sebi/OneDrive - Technical University of Cluj-Napoca/Documents/Facultate/Anul 2/Semestrul 2/CA - Computer Architecture/utcn-ca-labs/lab_3/lab_3.srcs/constrs_1/new/nexys.xdc:81]
CRITICAL WARNING: [Common 17-55] 'set_property' expects at least one object. [C:/Users/sebi/OneDrive - Technical University of Cluj-Napoca/Documents/Facultate/Anul 2/Semestrul 2/CA - Computer Architecture/utcn-ca-labs/lab_3/lab_3.srcs/constrs_1/new/nexys.xdc:81]
Resolution: If [get_<value>] was used to populate the object, check to make sure this command returns at least one valid object.
Finished Parsing XDC File [C:/Users/sebi/OneDrive - Technical University of Cluj-Napoca/Documents/Facultate/Anul 2/Semestrul 2/CA - Computer Architecture/utcn-ca-labs/lab_3/lab_3.srcs/constrs_1/new/nexys.xdc]
INFO: [Project 1-236] Implementation specific constraints were found while reading constraint file [C:/Users/sebi/OneDrive - Technical University of Cluj-Napoca/Documents/Facultate/Anul 2/Semestrul 2/CA - Computer Architecture/utcn-ca-labs/lab_3/lab_3.srcs/constrs_1/new/nexys.xdc]. These constraints will be ignored for synthesis but will be used in implementation. Impacted constraints are listed in the file [.Xil/reg_file_propImpl.xdc].
Resolution: To avoid this warning, move constraints listed in [.Xil/reg_file_propImpl.xdc] to another XDC file and exclude this new file from synthesis with the used_in_synthesis property (File Properties dialog in GUI) and re-run elaboration/synthesis.
Completed Processing XDC Constraints

Netlist sorting complete. Time (s): cpu = 00:00:00 ; elapsed = 00:00:00 . Memory (MB): peak = 1464.496 ; gain = 0.000
INFO: [Project 1-111] Unisim Transformation Summary:
No Unisim elements were transformed.

Access is denied.
Constraint Validation Runtime : Time (s): cpu = 00:00:00 ; elapsed = 00:00:00.002 . Memory (MB): peak = 1464.496 ; gain = 0.000
INFO: [Designutils 20-5440] No compile time benefit to using incremental synthesis; A full resynthesis will be run
INFO: [Designutils 20-4379] Flow is switching to default flow due to incremental criteria not met. If you would like to alter this behaviour and have the flow terminate instead, please set the following parameter config_implementation {autoIncr.Synth.RejectBehavior Terminate}
---------------------------------------------------------------------------------
Finished Constraint Validation : Time (s): cpu = 00:00:11 ; elapsed = 00:00:20 . Memory (MB): peak = 1464.496 ; gain = 564.883
---------------------------------------------------------------------------------
---------------------------------------------------------------------------------
Start Loading Part and Timing Information
---------------------------------------------------------------------------------
Loading part: xc7a100tcsg324-1
---------------------------------------------------------------------------------
Finished Loading Part and Timing Information : Time (s): cpu = 00:00:11 ; elapsed = 00:00:20 . Memory (MB): peak = 1464.496 ; gain = 564.883
---------------------------------------------------------------------------------
---------------------------------------------------------------------------------
Start Applying 'set_property' XDC Constraints
---------------------------------------------------------------------------------
---------------------------------------------------------------------------------
Finished applying 'set_property' XDC Constraints : Time (s): cpu = 00:00:11 ; elapsed = 00:00:20 . Memory (MB): peak = 1464.496 ; gain = 564.883
---------------------------------------------------------------------------------
---------------------------------------------------------------------------------
Finished RTL Optimization Phase 2 : Time (s): cpu = 00:00:11 ; elapsed = 00:00:20 . Memory (MB): peak = 1464.496 ; gain = 564.883
---------------------------------------------------------------------------------
---------------------------------------------------------------------------------
Start RTL Component Statistics 
---------------------------------------------------------------------------------
Detailed RTL Component Info : 
---------------------------------------------------------------------------------
Finished RTL Component Statistics 
---------------------------------------------------------------------------------
---------------------------------------------------------------------------------
Start Part Resource Summary
---------------------------------------------------------------------------------
Part Resources:
DSPs: 240 (col length:80)
BRAMs: 270 (col length: RAMB18 80 RAMB36 40)
---------------------------------------------------------------------------------
Finished Part Resource Summary
---------------------------------------------------------------------------------
---------------------------------------------------------------------------------
Start Cross Boundary and Area Optimization
---------------------------------------------------------------------------------
WARNING: [Synth 8-7080] Parallel synthesis criteria is not met
---------------------------------------------------------------------------------
Finished Cross Boundary and Area Optimization : Time (s): cpu = 00:00:12 ; elapsed = 00:00:22 . Memory (MB): peak = 1464.496 ; gain = 564.883
---------------------------------------------------------------------------------
---------------------------------------------------------------------------------
Start ROM, RAM, DSP, Shift Register and Retiming Reporting
---------------------------------------------------------------------------------

Distributed RAM: Preliminary Mapping Report (see note below)
+------------+--------------+-----------+----------------------+-------------+
|Module Name | RTL Object   | Inference | Size (Depth x Width) | Primitives  | 
+------------+--------------+-----------+----------------------+-------------+
|reg_file    | reg_file_reg | Implied   | 8 x 8                | RAM32M x 4  | 
+------------+--------------+-----------+----------------------+-------------+

Note: The table above is a preliminary report that shows the Distributed RAMs at the current stage of the synthesis flow. Some Distributed RAMs may be reimplemented as non Distributed RAM primitives later in the synthesis flow. Multiple instantiated RAMs are reported only once.
---------------------------------------------------------------------------------
Finished ROM, RAM, DSP, Shift Register and Retiming Reporting
---------------------------------------------------------------------------------
---------------------------------------------------------------------------------
Start Applying XDC Timing Constraints
---------------------------------------------------------------------------------
---------------------------------------------------------------------------------
Finished Applying XDC Timing Constraints : Time (s): cpu = 00:00:16 ; elapsed = 00:00:29 . Memory (MB): peak = 1464.496 ; gain = 564.883
---------------------------------------------------------------------------------
---------------------------------------------------------------------------------
Start Timing Optimization
---------------------------------------------------------------------------------
---------------------------------------------------------------------------------
Finished Timing Optimization : Time (s): cpu = 00:00:16 ; elapsed = 00:00:29 . Memory (MB): peak = 1464.496 ; gain = 564.883
---------------------------------------------------------------------------------
---------------------------------------------------------------------------------
Start ROM, RAM, DSP, Shift Register and Retiming Reporting
---------------------------------------------------------------------------------

Distributed RAM: Final Mapping Report
+------------+--------------+-----------+----------------------+-------------+
|Module Name | RTL Object   | Inference | Size (Depth x Width) | Primitives  | 
+------------+--------------+-----------+----------------------+-------------+
|reg_file    | reg_file_reg | Implied   | 8 x 8                | RAM32M x 4  | 
+------------+--------------+-----------+----------------------+-------------+

---------------------------------------------------------------------------------
Finished ROM, RAM, DSP, Shift Register and Retiming Reporting
---------------------------------------------------------------------------------
---------------------------------------------------------------------------------
Start Technology Mapping
---------------------------------------------------------------------------------
---------------------------------------------------------------------------------
Finished Technology Mapping : Time (s): cpu = 00:00:16 ; elapsed = 00:00:29 . Memory (MB): peak = 1464.496 ; gain = 564.883
---------------------------------------------------------------------------------
---------------------------------------------------------------------------------
Start IO Insertion
---------------------------------------------------------------------------------
---------------------------------------------------------------------------------
Start Flattening Before IO Insertion
---------------------------------------------------------------------------------
---------------------------------------------------------------------------------
Finished Flattening Before IO Insertion
---------------------------------------------------------------------------------
---------------------------------------------------------------------------------
Start Final Netlist Cleanup
---------------------------------------------------------------------------------
---------------------------------------------------------------------------------
Finished Final Netlist Cleanup
---------------------------------------------------------------------------------
---------------------------------------------------------------------------------
Finished IO Insertion : Time (s): cpu = 00:00:19 ; elapsed = 00:00:34 . Memory (MB): peak = 1464.496 ; gain = 564.883
---------------------------------------------------------------------------------
---------------------------------------------------------------------------------
Start Renaming Generated Instances
---------------------------------------------------------------------------------
---------------------------------------------------------------------------------
Finished Renaming Generated Instances : Time (s): cpu = 00:00:19 ; elapsed = 00:00:34 . Memory (MB): peak = 1464.496 ; gain = 564.883
---------------------------------------------------------------------------------
---------------------------------------------------------------------------------
Start Rebuilding User Hierarchy
---------------------------------------------------------------------------------
---------------------------------------------------------------------------------
Finished Rebuilding User Hierarchy : Time (s): cpu = 00:00:19 ; elapsed = 00:00:34 . Memory (MB): peak = 1464.496 ; gain = 564.883
---------------------------------------------------------------------------------
---------------------------------------------------------------------------------
Start Renaming Generated Ports
---------------------------------------------------------------------------------
---------------------------------------------------------------------------------
Finished Renaming Generated Ports : Time (s): cpu = 00:00:19 ; elapsed = 00:00:34 . Memory (MB): peak = 1464.496 ; gain = 564.883
---------------------------------------------------------------------------------
---------------------------------------------------------------------------------
Start Handling Custom Attributes
---------------------------------------------------------------------------------
---------------------------------------------------------------------------------
Finished Handling Custom Attributes : Time (s): cpu = 00:00:19 ; elapsed = 00:00:34 . Memory (MB): peak = 1464.496 ; gain = 564.883
---------------------------------------------------------------------------------
---------------------------------------------------------------------------------
Start Renaming Generated Nets
---------------------------------------------------------------------------------
---------------------------------------------------------------------------------
Finished Renaming Generated Nets : Time (s): cpu = 00:00:19 ; elapsed = 00:00:34 . Memory (MB): peak = 1464.496 ; gain = 564.883
---------------------------------------------------------------------------------
---------------------------------------------------------------------------------
Start Writing Synthesis Report
---------------------------------------------------------------------------------

Report BlackBoxes: 
+-+--------------+----------+
| |BlackBox name |Instances |
+-+--------------+----------+
+-+--------------+----------+

Report Cell Usage: 
+------+---------+------+
|      |Cell     |Count |
+------+---------+------+
|1     |BUFG     |     1|
|2     |RAM32M   |     2|
|3     |RAM32X1D |     4|
|4     |IBUF     |    19|
|5     |OBUF     |    16|
+------+---------+------+
---------------------------------------------------------------------------------
Finished Writing Synthesis Report : Time (s): cpu = 00:00:19 ; elapsed = 00:00:34 . Memory (MB): peak = 1464.496 ; gain = 564.883
---------------------------------------------------------------------------------
Synthesis finished with 0 errors, 0 critical warnings and 1 warnings.
Synthesis Optimization Runtime : Time (s): cpu = 00:00:11 ; elapsed = 00:00:31 . Memory (MB): peak = 1464.496 ; gain = 548.395
Synthesis Optimization Complete : Time (s): cpu = 00:00:19 ; elapsed = 00:00:34 . Memory (MB): peak = 1464.496 ; gain = 564.883
INFO: [Project 1-571] Translating synthesized netlist
Netlist sorting complete. Time (s): cpu = 00:00:00 ; elapsed = 00:00:00.001 . Memory (MB): peak = 1464.680 ; gain = 0.000
INFO: [Netlist 29-17] Analyzing 6 Unisim elements for replacement
INFO: [Netlist 29-28] Unisim Transformation completed in 0 CPU seconds
INFO: [Project 1-570] Preparing netlist for logic optimization
INFO: [Opt 31-138] Pushed 0 inverter(s) to 0 load pin(s).
Netlist sorting complete. Time (s): cpu = 00:00:00 ; elapsed = 00:00:00 . Memory (MB): peak = 1473.277 ; gain = 0.000
INFO: [Project 1-111] Unisim Transformation Summary:
  A total of 6 instances were transformed.
  RAM32M => RAM32M (RAMD32(x6), RAMS32(x2)): 2 instances
  RAM32X1D => RAM32X1D (RAMD32(x2)): 4 instances

Access is denied.
Synth Design complete | Checksum: ce5ce91c
INFO: [Common 17-83] Releasing license: Synthesis
23 Infos, 53 Warnings, 52 Critical Warnings and 0 Errors encountered.
synth_design completed successfully
synth_design: Time (s): cpu = 00:00:21 ; elapsed = 00:00:40 . Memory (MB): peak = 1473.277 ; gain = 982.141
INFO: [runtcl-6] Synthesis results are not added to the cache due to CRITICAL_WARNING
Write ShapeDB Complete: Time (s): cpu = 00:00:00 ; elapsed = 00:00:00.002 . Memory (MB): peak = 1473.277 ; gain = 0.000
INFO: [Common 17-1381] The checkpoint 'C:/Users/sebi/OneDrive - Technical University of Cluj-Napoca/Documents/Facultate/Anul 2/Semestrul 2/CA - Computer Architecture/utcn-ca-labs/lab_3/lab_3.runs/synth_1/reg_file.dcp' has been generated.
INFO: [runtcl-4] Executing : report_utilization -file reg_file_utilization_synth.rpt -pb reg_file_utilization_synth.pb
INFO: [Common 17-206] Exiting Vivado at Tue Mar 19 12:36:10 2024...
