
*** Running vivado
    with args -log counter_with_enable.vds -m64 -product Vivado -mode batch -messageDb vivado.pb -notrace -source counter_with_enable.tcl


ECHO is off.
ECHO is off.

****** Vivado v2023.2.2 (64-bit)
  **** SW Build 4126759 on Thu Feb  8 23:53:51 MST 2024
  **** IP Build 4126054 on Fri Feb  9 11:39:09 MST 2024
  **** SharedData Build 4115275 on Tue Jan 30 00:40:57 MST 2024
    ** Copyright 1986-2022 Xilinx, Inc. All Rights Reserved.
    ** Copyright 2022-2024 Advanced Micro Devices, Inc. All Rights Reserved.

source counter_with_enable.tcl -notrace
create_project: Time (s): cpu = 00:00:02 ; elapsed = 00:00:08 . Memory (MB): peak = 487.422 ; gain = 183.918
Command: read_checkpoint -auto_incremental -incremental {C:/Users/sebi/OneDrive - Technical University of Cluj-Napoca/Documents/Facultate/Anul 2/Semestrul 2/CA - Computer Architecture/utcn-ca-labs/lab_1/lab_1.srcs/utils_1/imports/synth_1/counter_with_enable.dcp}
INFO: [Vivado 12-5825] Read reference checkpoint from C:/Users/sebi/OneDrive - Technical University of Cluj-Napoca/Documents/Facultate/Anul 2/Semestrul 2/CA - Computer Architecture/utcn-ca-labs/lab_1/lab_1.srcs/utils_1/imports/synth_1/counter_with_enable.dcp for incremental synthesis
INFO: [Vivado 12-7989] Please ensure there are no constraint changes
Command: synth_design -top counter_with_enable -part xc7a100tcsg324-1
Starting synth_design
Attempting to get a license for feature 'Synthesis' and/or device 'xc7a100t'
INFO: [Common 17-349] Got license for feature 'Synthesis' and/or device 'xc7a100t'
INFO: [Device 21-403] Loading part xc7a100tcsg324-1
INFO: [Designutils 20-5440] No compile time benefit to using incremental synthesis; A full resynthesis will be run
INFO: [Designutils 20-4379] Flow is switching to default flow due to incremental criteria not met. If you would like to alter this behaviour and have the flow terminate instead, please set the following parameter config_implementation {autoIncr.Synth.RejectBehavior Terminate}
INFO: [Synth 8-7079] Multithreading enabled for synth_design using a maximum of 2 processes.
INFO: [Synth 8-7078] Launching helper process for spawning children vivado processes
INFO: [Synth 8-7075] Helper process launched with PID 5856
---------------------------------------------------------------------------------
Starting RTL Elaboration : Time (s): cpu = 00:00:02 ; elapsed = 00:00:06 . Memory (MB): peak = 1340.137 ; gain = 440.066
---------------------------------------------------------------------------------
INFO: [Synth 8-638] synthesizing module 'counter_with_enable' [C:/Users/sebi/OneDrive - Technical University of Cluj-Napoca/Documents/Facultate/Anul 2/Semestrul 2/CA - Computer Architecture/utcn-ca-labs/lab_1/lab_1.srcs/sources_1/new/counter_with_enable.vhd:44]
INFO: [Synth 8-638] synthesizing module 'mpg' [C:/Users/sebi/OneDrive - Technical University of Cluj-Napoca/Documents/Facultate/Anul 2/Semestrul 2/CA - Computer Architecture/utcn-ca-labs/lab_1/lab_1.srcs/sources_1/new/mpg.vhd:44]
INFO: [Synth 8-256] done synthesizing module 'mpg' (0#1) [C:/Users/sebi/OneDrive - Technical University of Cluj-Napoca/Documents/Facultate/Anul 2/Semestrul 2/CA - Computer Architecture/utcn-ca-labs/lab_1/lab_1.srcs/sources_1/new/mpg.vhd:44]
INFO: [Synth 8-256] done synthesizing module 'counter_with_enable' (0#1) [C:/Users/sebi/OneDrive - Technical University of Cluj-Napoca/Documents/Facultate/Anul 2/Semestrul 2/CA - Computer Architecture/utcn-ca-labs/lab_1/lab_1.srcs/sources_1/new/counter_with_enable.vhd:44]
WARNING: [Synth 8-3917] design counter_with_enable has port led[7] driven by constant 0
---------------------------------------------------------------------------------
Finished RTL Elaboration : Time (s): cpu = 00:00:02 ; elapsed = 00:00:08 . Memory (MB): peak = 1446.727 ; gain = 546.656
---------------------------------------------------------------------------------
---------------------------------------------------------------------------------
Start Handling Custom Attributes
---------------------------------------------------------------------------------
---------------------------------------------------------------------------------
Finished Handling Custom Attributes : Time (s): cpu = 00:00:02 ; elapsed = 00:00:08 . Memory (MB): peak = 1446.727 ; gain = 546.656
---------------------------------------------------------------------------------
---------------------------------------------------------------------------------
Finished RTL Optimization Phase 1 : Time (s): cpu = 00:00:02 ; elapsed = 00:00:08 . Memory (MB): peak = 1446.727 ; gain = 546.656
---------------------------------------------------------------------------------
Netlist sorting complete. Time (s): cpu = 00:00:00 ; elapsed = 00:00:00.001 . Memory (MB): peak = 1446.727 ; gain = 0.000
INFO: [Project 1-570] Preparing netlist for logic optimization

Processing XDC Constraints
Initializing timing engine
Parsing XDC File [C:/Users/sebi/OneDrive - Technical University of Cluj-Napoca/Documents/Facultate/Anul 2/Semestrul 2/CA - Computer Architecture/utcn-ca-labs/lab_1/lab_1.srcs/constrs_1/new/nexys.xdc]
Finished Parsing XDC File [C:/Users/sebi/OneDrive - Technical University of Cluj-Napoca/Documents/Facultate/Anul 2/Semestrul 2/CA - Computer Architecture/utcn-ca-labs/lab_1/lab_1.srcs/constrs_1/new/nexys.xdc]
INFO: [Project 1-236] Implementation specific constraints were found while reading constraint file [C:/Users/sebi/OneDrive - Technical University of Cluj-Napoca/Documents/Facultate/Anul 2/Semestrul 2/CA - Computer Architecture/utcn-ca-labs/lab_1/lab_1.srcs/constrs_1/new/nexys.xdc]. These constraints will be ignored for synthesis but will be used in implementation. Impacted constraints are listed in the file [.Xil/counter_with_enable_propImpl.xdc].
Resolution: To avoid this warning, move constraints listed in [.Xil/counter_with_enable_propImpl.xdc] to another XDC file and exclude this new file from synthesis with the used_in_synthesis property (File Properties dialog in GUI) and re-run elaboration/synthesis.
Completed Processing XDC Constraints

Netlist sorting complete. Time (s): cpu = 00:00:00 ; elapsed = 00:00:00 . Memory (MB): peak = 1513.621 ; gain = 0.000
INFO: [Project 1-111] Unisim Transformation Summary:
No Unisim elements were transformed.

Access is denied.
Constraint Validation Runtime : Time (s): cpu = 00:00:00 ; elapsed = 00:00:00.002 . Memory (MB): peak = 1513.621 ; gain = 0.000
INFO: [Designutils 20-5440] No compile time benefit to using incremental synthesis; A full resynthesis will be run
INFO: [Designutils 20-4379] Flow is switching to default flow due to incremental criteria not met. If you would like to alter this behaviour and have the flow terminate instead, please set the following parameter config_implementation {autoIncr.Synth.RejectBehavior Terminate}
---------------------------------------------------------------------------------
Finished Constraint Validation : Time (s): cpu = 00:00:04 ; elapsed = 00:00:17 . Memory (MB): peak = 1513.621 ; gain = 613.551
---------------------------------------------------------------------------------
---------------------------------------------------------------------------------
Start Loading Part and Timing Information
---------------------------------------------------------------------------------
Loading part: xc7a100tcsg324-1
---------------------------------------------------------------------------------
Finished Loading Part and Timing Information : Time (s): cpu = 00:00:04 ; elapsed = 00:00:17 . Memory (MB): peak = 1513.621 ; gain = 613.551
---------------------------------------------------------------------------------
---------------------------------------------------------------------------------
Start Applying 'set_property' XDC Constraints
---------------------------------------------------------------------------------
---------------------------------------------------------------------------------
Finished applying 'set_property' XDC Constraints : Time (s): cpu = 00:00:04 ; elapsed = 00:00:17 . Memory (MB): peak = 1513.621 ; gain = 613.551
---------------------------------------------------------------------------------
---------------------------------------------------------------------------------
Finished RTL Optimization Phase 2 : Time (s): cpu = 00:00:04 ; elapsed = 00:00:17 . Memory (MB): peak = 1513.621 ; gain = 613.551
---------------------------------------------------------------------------------
---------------------------------------------------------------------------------
Start RTL Component Statistics 
---------------------------------------------------------------------------------
Detailed RTL Component Info : 
+---Adders : 
	   2 Input    3 Bit       Adders := 1     
+---Registers : 
	                3 Bit    Registers := 1     
	                1 Bit    Registers := 3     
+---Muxes : 
	   8 Input    7 Bit        Muxes := 1     
---------------------------------------------------------------------------------
Finished RTL Component Statistics 
---------------------------------------------------------------------------------
---------------------------------------------------------------------------------
Start Part Resource Summary
---------------------------------------------------------------------------------
Part Resources:
DSPs: 240 (col length:80)
BRAMs: 270 (col length: RAMB18 80 RAMB36 40)
---------------------------------------------------------------------------------
Finished Part Resource Summary
---------------------------------------------------------------------------------
---------------------------------------------------------------------------------
Start Cross Boundary and Area Optimization
---------------------------------------------------------------------------------
WARNING: [Synth 8-7080] Parallel synthesis criteria is not met
WARNING: [Synth 8-3917] design counter_with_enable has port led[7] driven by constant 0
---------------------------------------------------------------------------------
Finished Cross Boundary and Area Optimization : Time (s): cpu = 00:00:05 ; elapsed = 00:00:19 . Memory (MB): peak = 1513.621 ; gain = 613.551
---------------------------------------------------------------------------------
---------------------------------------------------------------------------------
Start Applying XDC Timing Constraints
---------------------------------------------------------------------------------
---------------------------------------------------------------------------------
Finished Applying XDC Timing Constraints : Time (s): cpu = 00:00:07 ; elapsed = 00:00:26 . Memory (MB): peak = 1513.621 ; gain = 613.551
---------------------------------------------------------------------------------
---------------------------------------------------------------------------------
Start Timing Optimization
---------------------------------------------------------------------------------
---------------------------------------------------------------------------------
Finished Timing Optimization : Time (s): cpu = 00:00:07 ; elapsed = 00:00:26 . Memory (MB): peak = 1513.621 ; gain = 613.551
---------------------------------------------------------------------------------
---------------------------------------------------------------------------------
Start Technology Mapping
---------------------------------------------------------------------------------
---------------------------------------------------------------------------------
Finished Technology Mapping : Time (s): cpu = 00:00:07 ; elapsed = 00:00:26 . Memory (MB): peak = 1513.621 ; gain = 613.551
---------------------------------------------------------------------------------
---------------------------------------------------------------------------------
Start IO Insertion
---------------------------------------------------------------------------------
---------------------------------------------------------------------------------
Start Flattening Before IO Insertion
---------------------------------------------------------------------------------
---------------------------------------------------------------------------------
Finished Flattening Before IO Insertion
---------------------------------------------------------------------------------
---------------------------------------------------------------------------------
Start Final Netlist Cleanup
---------------------------------------------------------------------------------
---------------------------------------------------------------------------------
Finished Final Netlist Cleanup
---------------------------------------------------------------------------------
---------------------------------------------------------------------------------
Finished IO Insertion : Time (s): cpu = 00:00:09 ; elapsed = 00:00:31 . Memory (MB): peak = 1513.621 ; gain = 613.551
---------------------------------------------------------------------------------
---------------------------------------------------------------------------------
Start Renaming Generated Instances
---------------------------------------------------------------------------------
---------------------------------------------------------------------------------
Finished Renaming Generated Instances : Time (s): cpu = 00:00:09 ; elapsed = 00:00:31 . Memory (MB): peak = 1513.621 ; gain = 613.551
---------------------------------------------------------------------------------
---------------------------------------------------------------------------------
Start Rebuilding User Hierarchy
---------------------------------------------------------------------------------
---------------------------------------------------------------------------------
Finished Rebuilding User Hierarchy : Time (s): cpu = 00:00:09 ; elapsed = 00:00:31 . Memory (MB): peak = 1513.621 ; gain = 613.551
---------------------------------------------------------------------------------
---------------------------------------------------------------------------------
Start Renaming Generated Ports
---------------------------------------------------------------------------------
---------------------------------------------------------------------------------
Finished Renaming Generated Ports : Time (s): cpu = 00:00:09 ; elapsed = 00:00:31 . Memory (MB): peak = 1513.621 ; gain = 613.551
---------------------------------------------------------------------------------
---------------------------------------------------------------------------------
Start Handling Custom Attributes
---------------------------------------------------------------------------------
---------------------------------------------------------------------------------
Finished Handling Custom Attributes : Time (s): cpu = 00:00:09 ; elapsed = 00:00:31 . Memory (MB): peak = 1513.621 ; gain = 613.551
---------------------------------------------------------------------------------
---------------------------------------------------------------------------------
Start Renaming Generated Nets
---------------------------------------------------------------------------------
---------------------------------------------------------------------------------
Finished Renaming Generated Nets : Time (s): cpu = 00:00:09 ; elapsed = 00:00:31 . Memory (MB): peak = 1513.621 ; gain = 613.551
---------------------------------------------------------------------------------
---------------------------------------------------------------------------------
Start Writing Synthesis Report
---------------------------------------------------------------------------------

Report BlackBoxes: 
+-+--------------+----------+
| |BlackBox name |Instances |
+-+--------------+----------+
+-+--------------+----------+

Report Cell Usage: 
+------+-------+------+
|      |Cell   |Count |
+------+-------+------+
|1     |BUFG   |     1|
|2     |CARRY4 |     4|
|3     |LUT1   |     1|
|4     |LUT3   |     8|
|5     |LUT4   |     1|
|6     |LUT5   |     1|
|7     |LUT6   |     3|
|8     |FDRE   |    22|
|9     |IBUF   |     2|
|10    |OBUF   |     8|
+------+-------+------+
---------------------------------------------------------------------------------
Finished Writing Synthesis Report : Time (s): cpu = 00:00:09 ; elapsed = 00:00:31 . Memory (MB): peak = 1513.621 ; gain = 613.551
---------------------------------------------------------------------------------
Synthesis finished with 0 errors, 0 critical warnings and 2 warnings.
Synthesis Optimization Runtime : Time (s): cpu = 00:00:07 ; elapsed = 00:00:29 . Memory (MB): peak = 1513.621 ; gain = 546.656
Synthesis Optimization Complete : Time (s): cpu = 00:00:09 ; elapsed = 00:00:31 . Memory (MB): peak = 1513.621 ; gain = 613.551
INFO: [Project 1-571] Translating synthesized netlist
Netlist sorting complete. Time (s): cpu = 00:00:00 ; elapsed = 00:00:00 . Memory (MB): peak = 1513.621 ; gain = 0.000
INFO: [Netlist 29-17] Analyzing 4 Unisim elements for replacement
INFO: [Netlist 29-28] Unisim Transformation completed in 0 CPU seconds
INFO: [Project 1-570] Preparing netlist for logic optimization
INFO: [Opt 31-138] Pushed 0 inverter(s) to 0 load pin(s).
Netlist sorting complete. Time (s): cpu = 00:00:00 ; elapsed = 00:00:00 . Memory (MB): peak = 1513.621 ; gain = 0.000
INFO: [Project 1-111] Unisim Transformation Summary:
No Unisim elements were transformed.

Access is denied.
Synth Design complete | Checksum: 92f4a2a7
INFO: [Common 17-83] Releasing license: Synthesis
25 Infos, 3 Warnings, 0 Critical Warnings and 0 Errors encountered.
synth_design completed successfully
synth_design: Time (s): cpu = 00:00:10 ; elapsed = 00:00:37 . Memory (MB): peak = 1513.621 ; gain = 1022.262
Write ShapeDB Complete: Time (s): cpu = 00:00:00 ; elapsed = 00:00:00.001 . Memory (MB): peak = 1513.621 ; gain = 0.000
INFO: [Common 17-1381] The checkpoint 'C:/Users/sebi/OneDrive - Technical University of Cluj-Napoca/Documents/Facultate/Anul 2/Semestrul 2/CA - Computer Architecture/utcn-ca-labs/lab_1/lab_1.runs/synth_1/counter_with_enable.dcp' has been generated.
INFO: [runtcl-4] Executing : report_utilization -file counter_with_enable_utilization_synth.rpt -pb counter_with_enable_utilization_synth.pb
INFO: [Common 17-206] Exiting Vivado at Wed Feb 28 23:47:53 2024...
