
*** Running vivado
    with args -log reg_file.vdi -applog -m64 -product Vivado -messageDb vivado.pb -mode batch -source reg_file.tcl -notrace


ECHO is off.
ECHO is off.

****** Vivado v2023.2.2 (64-bit)
  **** SW Build 4126759 on Thu Feb  8 23:53:51 MST 2024
  **** IP Build 4126054 on Fri Feb  9 11:39:09 MST 2024
  **** SharedData Build 4115275 on Tue Jan 30 00:40:57 MST 2024
    ** Copyright 1986-2022 Xilinx, Inc. All Rights Reserved.
    ** Copyright 2022-2024 Advanced Micro Devices, Inc. All Rights Reserved.

source reg_file.tcl -notrace
create_project: Time (s): cpu = 00:00:04 ; elapsed = 00:00:08 . Memory (MB): peak = 487.312 ; gain = 181.773
Command: link_design -top reg_file -part xc7a100tcsg324-1
Design is defaulting to srcset: sources_1
Design is defaulting to constrset: constrs_1
INFO: [Device 21-403] Loading part xc7a100tcsg324-1
Netlist sorting complete. Time (s): cpu = 00:00:00 ; elapsed = 00:00:00.001 . Memory (MB): peak = 899.238 ; gain = 0.000
INFO: [Netlist 29-17] Analyzing 6 Unisim elements for replacement
INFO: [Netlist 29-28] Unisim Transformation completed in 0 CPU seconds
INFO: [Project 1-479] Netlist was created with Vivado 2023.2.2
INFO: [Project 1-570] Preparing netlist for logic optimization
Parsing XDC File [C:/Users/sebi/OneDrive - Technical University of Cluj-Napoca/Documents/Facultate/Anul 2/Semestrul 2/CA - Computer Architecture/utcn-ca-labs/lab_3/lab_3.srcs/constrs_1/new/nexys.xdc]
WARNING: [Vivado 12-584] No ports matched 'sw[0]'. [C:/Users/sebi/OneDrive - Technical University of Cluj-Napoca/Documents/Facultate/Anul 2/Semestrul 2/CA - Computer Architecture/utcn-ca-labs/lab_3/lab_3.srcs/constrs_1/new/nexys.xdc:12]
CRITICAL WARNING: [Common 17-55] 'set_property' expects at least one object. [C:/Users/sebi/OneDrive - Technical University of Cluj-Napoca/Documents/Facultate/Anul 2/Semestrul 2/CA - Computer Architecture/utcn-ca-labs/lab_3/lab_3.srcs/constrs_1/new/nexys.xdc:12]
Resolution: If [get_<value>] was used to populate the object, check to make sure this command returns at least one valid object.
WARNING: [Vivado 12-584] No ports matched 'sw[1]'. [C:/Users/sebi/OneDrive - Technical University of Cluj-Napoca/Documents/Facultate/Anul 2/Semestrul 2/CA - Computer Architecture/utcn-ca-labs/lab_3/lab_3.srcs/constrs_1/new/nexys.xdc:13]
CRITICAL WARNING: [Common 17-55] 'set_property' expects at least one object. [C:/Users/sebi/OneDrive - Technical University of Cluj-Napoca/Documents/Facultate/Anul 2/Semestrul 2/CA - Computer Architecture/utcn-ca-labs/lab_3/lab_3.srcs/constrs_1/new/nexys.xdc:13]
Resolution: If [get_<value>] was used to populate the object, check to make sure this command returns at least one valid object.
WARNING: [Vivado 12-584] No ports matched 'sw[2]'. [C:/Users/sebi/OneDrive - Technical University of Cluj-Napoca/Documents/Facultate/Anul 2/Semestrul 2/CA - Computer Architecture/utcn-ca-labs/lab_3/lab_3.srcs/constrs_1/new/nexys.xdc:14]
CRITICAL WARNING: [Common 17-55] 'set_property' expects at least one object. [C:/Users/sebi/OneDrive - Technical University of Cluj-Napoca/Documents/Facultate/Anul 2/Semestrul 2/CA - Computer Architecture/utcn-ca-labs/lab_3/lab_3.srcs/constrs_1/new/nexys.xdc:14]
Resolution: If [get_<value>] was used to populate the object, check to make sure this command returns at least one valid object.
WARNING: [Vivado 12-584] No ports matched 'sw[3]'. [C:/Users/sebi/OneDrive - Technical University of Cluj-Napoca/Documents/Facultate/Anul 2/Semestrul 2/CA - Computer Architecture/utcn-ca-labs/lab_3/lab_3.srcs/constrs_1/new/nexys.xdc:15]
CRITICAL WARNING: [Common 17-55] 'set_property' expects at least one object. [C:/Users/sebi/OneDrive - Technical University of Cluj-Napoca/Documents/Facultate/Anul 2/Semestrul 2/CA - Computer Architecture/utcn-ca-labs/lab_3/lab_3.srcs/constrs_1/new/nexys.xdc:15]
Resolution: If [get_<value>] was used to populate the object, check to make sure this command returns at least one valid object.
WARNING: [Vivado 12-584] No ports matched 'sw[4]'. [C:/Users/sebi/OneDrive - Technical University of Cluj-Napoca/Documents/Facultate/Anul 2/Semestrul 2/CA - Computer Architecture/utcn-ca-labs/lab_3/lab_3.srcs/constrs_1/new/nexys.xdc:16]
CRITICAL WARNING: [Common 17-55] 'set_property' expects at least one object. [C:/Users/sebi/OneDrive - Technical University of Cluj-Napoca/Documents/Facultate/Anul 2/Semestrul 2/CA - Computer Architecture/utcn-ca-labs/lab_3/lab_3.srcs/constrs_1/new/nexys.xdc:16]
Resolution: If [get_<value>] was used to populate the object, check to make sure this command returns at least one valid object.
WARNING: [Vivado 12-584] No ports matched 'sw[5]'. [C:/Users/sebi/OneDrive - Technical University of Cluj-Napoca/Documents/Facultate/Anul 2/Semestrul 2/CA - Computer Architecture/utcn-ca-labs/lab_3/lab_3.srcs/constrs_1/new/nexys.xdc:17]
CRITICAL WARNING: [Common 17-55] 'set_property' expects at least one object. [C:/Users/sebi/OneDrive - Technical University of Cluj-Napoca/Documents/Facultate/Anul 2/Semestrul 2/CA - Computer Architecture/utcn-ca-labs/lab_3/lab_3.srcs/constrs_1/new/nexys.xdc:17]
Resolution: If [get_<value>] was used to populate the object, check to make sure this command returns at least one valid object.
WARNING: [Vivado 12-584] No ports matched 'sw[6]'. [C:/Users/sebi/OneDrive - Technical University of Cluj-Napoca/Documents/Facultate/Anul 2/Semestrul 2/CA - Computer Architecture/utcn-ca-labs/lab_3/lab_3.srcs/constrs_1/new/nexys.xdc:18]
CRITICAL WARNING: [Common 17-55] 'set_property' expects at least one object. [C:/Users/sebi/OneDrive - Technical University of Cluj-Napoca/Documents/Facultate/Anul 2/Semestrul 2/CA - Computer Architecture/utcn-ca-labs/lab_3/lab_3.srcs/constrs_1/new/nexys.xdc:18]
Resolution: If [get_<value>] was used to populate the object, check to make sure this command returns at least one valid object.
WARNING: [Vivado 12-584] No ports matched 'sw[7]'. [C:/Users/sebi/OneDrive - Technical University of Cluj-Napoca/Documents/Facultate/Anul 2/Semestrul 2/CA - Computer Architecture/utcn-ca-labs/lab_3/lab_3.srcs/constrs_1/new/nexys.xdc:19]
CRITICAL WARNING: [Common 17-55] 'set_property' expects at least one object. [C:/Users/sebi/OneDrive - Technical University of Cluj-Napoca/Documents/Facultate/Anul 2/Semestrul 2/CA - Computer Architecture/utcn-ca-labs/lab_3/lab_3.srcs/constrs_1/new/nexys.xdc:19]
Resolution: If [get_<value>] was used to populate the object, check to make sure this command returns at least one valid object.
WARNING: [Vivado 12-584] No ports matched 'sw[8]'. [C:/Users/sebi/OneDrive - Technical University of Cluj-Napoca/Documents/Facultate/Anul 2/Semestrul 2/CA - Computer Architecture/utcn-ca-labs/lab_3/lab_3.srcs/constrs_1/new/nexys.xdc:20]
CRITICAL WARNING: [Common 17-55] 'set_property' expects at least one object. [C:/Users/sebi/OneDrive - Technical University of Cluj-Napoca/Documents/Facultate/Anul 2/Semestrul 2/CA - Computer Architecture/utcn-ca-labs/lab_3/lab_3.srcs/constrs_1/new/nexys.xdc:20]
Resolution: If [get_<value>] was used to populate the object, check to make sure this command returns at least one valid object.
WARNING: [Vivado 12-584] No ports matched 'sw[9]'. [C:/Users/sebi/OneDrive - Technical University of Cluj-Napoca/Documents/Facultate/Anul 2/Semestrul 2/CA - Computer Architecture/utcn-ca-labs/lab_3/lab_3.srcs/constrs_1/new/nexys.xdc:21]
CRITICAL WARNING: [Common 17-55] 'set_property' expects at least one object. [C:/Users/sebi/OneDrive - Technical University of Cluj-Napoca/Documents/Facultate/Anul 2/Semestrul 2/CA - Computer Architecture/utcn-ca-labs/lab_3/lab_3.srcs/constrs_1/new/nexys.xdc:21]
Resolution: If [get_<value>] was used to populate the object, check to make sure this command returns at least one valid object.
WARNING: [Vivado 12-584] No ports matched 'sw[10]'. [C:/Users/sebi/OneDrive - Technical University of Cluj-Napoca/Documents/Facultate/Anul 2/Semestrul 2/CA - Computer Architecture/utcn-ca-labs/lab_3/lab_3.srcs/constrs_1/new/nexys.xdc:22]
CRITICAL WARNING: [Common 17-55] 'set_property' expects at least one object. [C:/Users/sebi/OneDrive - Technical University of Cluj-Napoca/Documents/Facultate/Anul 2/Semestrul 2/CA - Computer Architecture/utcn-ca-labs/lab_3/lab_3.srcs/constrs_1/new/nexys.xdc:22]
Resolution: If [get_<value>] was used to populate the object, check to make sure this command returns at least one valid object.
WARNING: [Vivado 12-584] No ports matched 'sw[11]'. [C:/Users/sebi/OneDrive - Technical University of Cluj-Napoca/Documents/Facultate/Anul 2/Semestrul 2/CA - Computer Architecture/utcn-ca-labs/lab_3/lab_3.srcs/constrs_1/new/nexys.xdc:23]
CRITICAL WARNING: [Common 17-55] 'set_property' expects at least one object. [C:/Users/sebi/OneDrive - Technical University of Cluj-Napoca/Documents/Facultate/Anul 2/Semestrul 2/CA - Computer Architecture/utcn-ca-labs/lab_3/lab_3.srcs/constrs_1/new/nexys.xdc:23]
Resolution: If [get_<value>] was used to populate the object, check to make sure this command returns at least one valid object.
WARNING: [Vivado 12-584] No ports matched 'sw[12]'. [C:/Users/sebi/OneDrive - Technical University of Cluj-Napoca/Documents/Facultate/Anul 2/Semestrul 2/CA - Computer Architecture/utcn-ca-labs/lab_3/lab_3.srcs/constrs_1/new/nexys.xdc:24]
CRITICAL WARNING: [Common 17-55] 'set_property' expects at least one object. [C:/Users/sebi/OneDrive - Technical University of Cluj-Napoca/Documents/Facultate/Anul 2/Semestrul 2/CA - Computer Architecture/utcn-ca-labs/lab_3/lab_3.srcs/constrs_1/new/nexys.xdc:24]
Resolution: If [get_<value>] was used to populate the object, check to make sure this command returns at least one valid object.
WARNING: [Vivado 12-584] No ports matched 'sw[13]'. [C:/Users/sebi/OneDrive - Technical University of Cluj-Napoca/Documents/Facultate/Anul 2/Semestrul 2/CA - Computer Architecture/utcn-ca-labs/lab_3/lab_3.srcs/constrs_1/new/nexys.xdc:25]
CRITICAL WARNING: [Common 17-55] 'set_property' expects at least one object. [C:/Users/sebi/OneDrive - Technical University of Cluj-Napoca/Documents/Facultate/Anul 2/Semestrul 2/CA - Computer Architecture/utcn-ca-labs/lab_3/lab_3.srcs/constrs_1/new/nexys.xdc:25]
Resolution: If [get_<value>] was used to populate the object, check to make sure this command returns at least one valid object.
WARNING: [Vivado 12-584] No ports matched 'sw[14]'. [C:/Users/sebi/OneDrive - Technical University of Cluj-Napoca/Documents/Facultate/Anul 2/Semestrul 2/CA - Computer Architecture/utcn-ca-labs/lab_3/lab_3.srcs/constrs_1/new/nexys.xdc:26]
CRITICAL WARNING: [Common 17-55] 'set_property' expects at least one object. [C:/Users/sebi/OneDrive - Technical University of Cluj-Napoca/Documents/Facultate/Anul 2/Semestrul 2/CA - Computer Architecture/utcn-ca-labs/lab_3/lab_3.srcs/constrs_1/new/nexys.xdc:26]
Resolution: If [get_<value>] was used to populate the object, check to make sure this command returns at least one valid object.
WARNING: [Vivado 12-584] No ports matched 'sw[15]'. [C:/Users/sebi/OneDrive - Technical University of Cluj-Napoca/Documents/Facultate/Anul 2/Semestrul 2/CA - Computer Architecture/utcn-ca-labs/lab_3/lab_3.srcs/constrs_1/new/nexys.xdc:27]
CRITICAL WARNING: [Common 17-55] 'set_property' expects at least one object. [C:/Users/sebi/OneDrive - Technical University of Cluj-Napoca/Documents/Facultate/Anul 2/Semestrul 2/CA - Computer Architecture/utcn-ca-labs/lab_3/lab_3.srcs/constrs_1/new/nexys.xdc:27]
Resolution: If [get_<value>] was used to populate the object, check to make sure this command returns at least one valid object.
WARNING: [Vivado 12-584] No ports matched 'led[0]'. [C:/Users/sebi/OneDrive - Technical University of Cluj-Napoca/Documents/Facultate/Anul 2/Semestrul 2/CA - Computer Architecture/utcn-ca-labs/lab_3/lab_3.srcs/constrs_1/new/nexys.xdc:30]
CRITICAL WARNING: [Common 17-55] 'set_property' expects at least one object. [C:/Users/sebi/OneDrive - Technical University of Cluj-Napoca/Documents/Facultate/Anul 2/Semestrul 2/CA - Computer Architecture/utcn-ca-labs/lab_3/lab_3.srcs/constrs_1/new/nexys.xdc:30]
Resolution: If [get_<value>] was used to populate the object, check to make sure this command returns at least one valid object.
WARNING: [Vivado 12-584] No ports matched 'led[1]'. [C:/Users/sebi/OneDrive - Technical University of Cluj-Napoca/Documents/Facultate/Anul 2/Semestrul 2/CA - Computer Architecture/utcn-ca-labs/lab_3/lab_3.srcs/constrs_1/new/nexys.xdc:31]
CRITICAL WARNING: [Common 17-55] 'set_property' expects at least one object. [C:/Users/sebi/OneDrive - Technical University of Cluj-Napoca/Documents/Facultate/Anul 2/Semestrul 2/CA - Computer Architecture/utcn-ca-labs/lab_3/lab_3.srcs/constrs_1/new/nexys.xdc:31]
Resolution: If [get_<value>] was used to populate the object, check to make sure this command returns at least one valid object.
WARNING: [Vivado 12-584] No ports matched 'led[2]'. [C:/Users/sebi/OneDrive - Technical University of Cluj-Napoca/Documents/Facultate/Anul 2/Semestrul 2/CA - Computer Architecture/utcn-ca-labs/lab_3/lab_3.srcs/constrs_1/new/nexys.xdc:32]
CRITICAL WARNING: [Common 17-55] 'set_property' expects at least one object. [C:/Users/sebi/OneDrive - Technical University of Cluj-Napoca/Documents/Facultate/Anul 2/Semestrul 2/CA - Computer Architecture/utcn-ca-labs/lab_3/lab_3.srcs/constrs_1/new/nexys.xdc:32]
Resolution: If [get_<value>] was used to populate the object, check to make sure this command returns at least one valid object.
WARNING: [Vivado 12-584] No ports matched 'led[3]'. [C:/Users/sebi/OneDrive - Technical University of Cluj-Napoca/Documents/Facultate/Anul 2/Semestrul 2/CA - Computer Architecture/utcn-ca-labs/lab_3/lab_3.srcs/constrs_1/new/nexys.xdc:33]
CRITICAL WARNING: [Common 17-55] 'set_property' expects at least one object. [C:/Users/sebi/OneDrive - Technical University of Cluj-Napoca/Documents/Facultate/Anul 2/Semestrul 2/CA - Computer Architecture/utcn-ca-labs/lab_3/lab_3.srcs/constrs_1/new/nexys.xdc:33]
Resolution: If [get_<value>] was used to populate the object, check to make sure this command returns at least one valid object.
WARNING: [Vivado 12-584] No ports matched 'led[4]'. [C:/Users/sebi/OneDrive - Technical University of Cluj-Napoca/Documents/Facultate/Anul 2/Semestrul 2/CA - Computer Architecture/utcn-ca-labs/lab_3/lab_3.srcs/constrs_1/new/nexys.xdc:34]
CRITICAL WARNING: [Common 17-55] 'set_property' expects at least one object. [C:/Users/sebi/OneDrive - Technical University of Cluj-Napoca/Documents/Facultate/Anul 2/Semestrul 2/CA - Computer Architecture/utcn-ca-labs/lab_3/lab_3.srcs/constrs_1/new/nexys.xdc:34]
Resolution: If [get_<value>] was used to populate the object, check to make sure this command returns at least one valid object.
WARNING: [Vivado 12-584] No ports matched 'led[5]'. [C:/Users/sebi/OneDrive - Technical University of Cluj-Napoca/Documents/Facultate/Anul 2/Semestrul 2/CA - Computer Architecture/utcn-ca-labs/lab_3/lab_3.srcs/constrs_1/new/nexys.xdc:35]
CRITICAL WARNING: [Common 17-55] 'set_property' expects at least one object. [C:/Users/sebi/OneDrive - Technical University of Cluj-Napoca/Documents/Facultate/Anul 2/Semestrul 2/CA - Computer Architecture/utcn-ca-labs/lab_3/lab_3.srcs/constrs_1/new/nexys.xdc:35]
Resolution: If [get_<value>] was used to populate the object, check to make sure this command returns at least one valid object.
WARNING: [Vivado 12-584] No ports matched 'led[6]'. [C:/Users/sebi/OneDrive - Technical University of Cluj-Napoca/Documents/Facultate/Anul 2/Semestrul 2/CA - Computer Architecture/utcn-ca-labs/lab_3/lab_3.srcs/constrs_1/new/nexys.xdc:36]
CRITICAL WARNING: [Common 17-55] 'set_property' expects at least one object. [C:/Users/sebi/OneDrive - Technical University of Cluj-Napoca/Documents/Facultate/Anul 2/Semestrul 2/CA - Computer Architecture/utcn-ca-labs/lab_3/lab_3.srcs/constrs_1/new/nexys.xdc:36]
Resolution: If [get_<value>] was used to populate the object, check to make sure this command returns at least one valid object.
WARNING: [Vivado 12-584] No ports matched 'led[7]'. [C:/Users/sebi/OneDrive - Technical University of Cluj-Napoca/Documents/Facultate/Anul 2/Semestrul 2/CA - Computer Architecture/utcn-ca-labs/lab_3/lab_3.srcs/constrs_1/new/nexys.xdc:37]
CRITICAL WARNING: [Common 17-55] 'set_property' expects at least one object. [C:/Users/sebi/OneDrive - Technical University of Cluj-Napoca/Documents/Facultate/Anul 2/Semestrul 2/CA - Computer Architecture/utcn-ca-labs/lab_3/lab_3.srcs/constrs_1/new/nexys.xdc:37]
Resolution: If [get_<value>] was used to populate the object, check to make sure this command returns at least one valid object.
WARNING: [Vivado 12-584] No ports matched 'led[8]'. [C:/Users/sebi/OneDrive - Technical University of Cluj-Napoca/Documents/Facultate/Anul 2/Semestrul 2/CA - Computer Architecture/utcn-ca-labs/lab_3/lab_3.srcs/constrs_1/new/nexys.xdc:38]
CRITICAL WARNING: [Common 17-55] 'set_property' expects at least one object. [C:/Users/sebi/OneDrive - Technical University of Cluj-Napoca/Documents/Facultate/Anul 2/Semestrul 2/CA - Computer Architecture/utcn-ca-labs/lab_3/lab_3.srcs/constrs_1/new/nexys.xdc:38]
Resolution: If [get_<value>] was used to populate the object, check to make sure this command returns at least one valid object.
WARNING: [Vivado 12-584] No ports matched 'led[9]'. [C:/Users/sebi/OneDrive - Technical University of Cluj-Napoca/Documents/Facultate/Anul 2/Semestrul 2/CA - Computer Architecture/utcn-ca-labs/lab_3/lab_3.srcs/constrs_1/new/nexys.xdc:39]
CRITICAL WARNING: [Common 17-55] 'set_property' expects at least one object. [C:/Users/sebi/OneDrive - Technical University of Cluj-Napoca/Documents/Facultate/Anul 2/Semestrul 2/CA - Computer Architecture/utcn-ca-labs/lab_3/lab_3.srcs/constrs_1/new/nexys.xdc:39]
Resolution: If [get_<value>] was used to populate the object, check to make sure this command returns at least one valid object.
WARNING: [Vivado 12-584] No ports matched 'led[10]'. [C:/Users/sebi/OneDrive - Technical University of Cluj-Napoca/Documents/Facultate/Anul 2/Semestrul 2/CA - Computer Architecture/utcn-ca-labs/lab_3/lab_3.srcs/constrs_1/new/nexys.xdc:40]
CRITICAL WARNING: [Common 17-55] 'set_property' expects at least one object. [C:/Users/sebi/OneDrive - Technical University of Cluj-Napoca/Documents/Facultate/Anul 2/Semestrul 2/CA - Computer Architecture/utcn-ca-labs/lab_3/lab_3.srcs/constrs_1/new/nexys.xdc:40]
Resolution: If [get_<value>] was used to populate the object, check to make sure this command returns at least one valid object.
WARNING: [Vivado 12-584] No ports matched 'led[11]'. [C:/Users/sebi/OneDrive - Technical University of Cluj-Napoca/Documents/Facultate/Anul 2/Semestrul 2/CA - Computer Architecture/utcn-ca-labs/lab_3/lab_3.srcs/constrs_1/new/nexys.xdc:41]
CRITICAL WARNING: [Common 17-55] 'set_property' expects at least one object. [C:/Users/sebi/OneDrive - Technical University of Cluj-Napoca/Documents/Facultate/Anul 2/Semestrul 2/CA - Computer Architecture/utcn-ca-labs/lab_3/lab_3.srcs/constrs_1/new/nexys.xdc:41]
Resolution: If [get_<value>] was used to populate the object, check to make sure this command returns at least one valid object.
WARNING: [Vivado 12-584] No ports matched 'led[12]'. [C:/Users/sebi/OneDrive - Technical University of Cluj-Napoca/Documents/Facultate/Anul 2/Semestrul 2/CA - Computer Architecture/utcn-ca-labs/lab_3/lab_3.srcs/constrs_1/new/nexys.xdc:42]
CRITICAL WARNING: [Common 17-55] 'set_property' expects at least one object. [C:/Users/sebi/OneDrive - Technical University of Cluj-Napoca/Documents/Facultate/Anul 2/Semestrul 2/CA - Computer Architecture/utcn-ca-labs/lab_3/lab_3.srcs/constrs_1/new/nexys.xdc:42]
Resolution: If [get_<value>] was used to populate the object, check to make sure this command returns at least one valid object.
WARNING: [Vivado 12-584] No ports matched 'led[13]'. [C:/Users/sebi/OneDrive - Technical University of Cluj-Napoca/Documents/Facultate/Anul 2/Semestrul 2/CA - Computer Architecture/utcn-ca-labs/lab_3/lab_3.srcs/constrs_1/new/nexys.xdc:43]
CRITICAL WARNING: [Common 17-55] 'set_property' expects at least one object. [C:/Users/sebi/OneDrive - Technical University of Cluj-Napoca/Documents/Facultate/Anul 2/Semestrul 2/CA - Computer Architecture/utcn-ca-labs/lab_3/lab_3.srcs/constrs_1/new/nexys.xdc:43]
Resolution: If [get_<value>] was used to populate the object, check to make sure this command returns at least one valid object.
WARNING: [Vivado 12-584] No ports matched 'led[14]'. [C:/Users/sebi/OneDrive - Technical University of Cluj-Napoca/Documents/Facultate/Anul 2/Semestrul 2/CA - Computer Architecture/utcn-ca-labs/lab_3/lab_3.srcs/constrs_1/new/nexys.xdc:44]
CRITICAL WARNING: [Common 17-55] 'set_property' expects at least one object. [C:/Users/sebi/OneDrive - Technical University of Cluj-Napoca/Documents/Facultate/Anul 2/Semestrul 2/CA - Computer Architecture/utcn-ca-labs/lab_3/lab_3.srcs/constrs_1/new/nexys.xdc:44]
Resolution: If [get_<value>] was used to populate the object, check to make sure this command returns at least one valid object.
WARNING: [Vivado 12-584] No ports matched 'led[15]'. [C:/Users/sebi/OneDrive - Technical University of Cluj-Napoca/Documents/Facultate/Anul 2/Semestrul 2/CA - Computer Architecture/utcn-ca-labs/lab_3/lab_3.srcs/constrs_1/new/nexys.xdc:45]
CRITICAL WARNING: [Common 17-55] 'set_property' expects at least one object. [C:/Users/sebi/OneDrive - Technical University of Cluj-Napoca/Documents/Facultate/Anul 2/Semestrul 2/CA - Computer Architecture/utcn-ca-labs/lab_3/lab_3.srcs/constrs_1/new/nexys.xdc:45]
Resolution: If [get_<value>] was used to populate the object, check to make sure this command returns at least one valid object.
WARNING: [Vivado 12-584] No ports matched 'cat[0]'. [C:/Users/sebi/OneDrive - Technical University of Cluj-Napoca/Documents/Facultate/Anul 2/Semestrul 2/CA - Computer Architecture/utcn-ca-labs/lab_3/lab_3.srcs/constrs_1/new/nexys.xdc:56]
CRITICAL WARNING: [Common 17-55] 'set_property' expects at least one object. [C:/Users/sebi/OneDrive - Technical University of Cluj-Napoca/Documents/Facultate/Anul 2/Semestrul 2/CA - Computer Architecture/utcn-ca-labs/lab_3/lab_3.srcs/constrs_1/new/nexys.xdc:56]
Resolution: If [get_<value>] was used to populate the object, check to make sure this command returns at least one valid object.
WARNING: [Vivado 12-584] No ports matched 'cat[1]'. [C:/Users/sebi/OneDrive - Technical University of Cluj-Napoca/Documents/Facultate/Anul 2/Semestrul 2/CA - Computer Architecture/utcn-ca-labs/lab_3/lab_3.srcs/constrs_1/new/nexys.xdc:57]
CRITICAL WARNING: [Common 17-55] 'set_property' expects at least one object. [C:/Users/sebi/OneDrive - Technical University of Cluj-Napoca/Documents/Facultate/Anul 2/Semestrul 2/CA - Computer Architecture/utcn-ca-labs/lab_3/lab_3.srcs/constrs_1/new/nexys.xdc:57]
Resolution: If [get_<value>] was used to populate the object, check to make sure this command returns at least one valid object.
WARNING: [Vivado 12-584] No ports matched 'cat[2]'. [C:/Users/sebi/OneDrive - Technical University of Cluj-Napoca/Documents/Facultate/Anul 2/Semestrul 2/CA - Computer Architecture/utcn-ca-labs/lab_3/lab_3.srcs/constrs_1/new/nexys.xdc:58]
CRITICAL WARNING: [Common 17-55] 'set_property' expects at least one object. [C:/Users/sebi/OneDrive - Technical University of Cluj-Napoca/Documents/Facultate/Anul 2/Semestrul 2/CA - Computer Architecture/utcn-ca-labs/lab_3/lab_3.srcs/constrs_1/new/nexys.xdc:58]
Resolution: If [get_<value>] was used to populate the object, check to make sure this command returns at least one valid object.
WARNING: [Vivado 12-584] No ports matched 'cat[3]'. [C:/Users/sebi/OneDrive - Technical University of Cluj-Napoca/Documents/Facultate/Anul 2/Semestrul 2/CA - Computer Architecture/utcn-ca-labs/lab_3/lab_3.srcs/constrs_1/new/nexys.xdc:59]
CRITICAL WARNING: [Common 17-55] 'set_property' expects at least one object. [C:/Users/sebi/OneDrive - Technical University of Cluj-Napoca/Documents/Facultate/Anul 2/Semestrul 2/CA - Computer Architecture/utcn-ca-labs/lab_3/lab_3.srcs/constrs_1/new/nexys.xdc:59]
Resolution: If [get_<value>] was used to populate the object, check to make sure this command returns at least one valid object.
WARNING: [Vivado 12-584] No ports matched 'cat[4]'. [C:/Users/sebi/OneDrive - Technical University of Cluj-Napoca/Documents/Facultate/Anul 2/Semestrul 2/CA - Computer Architecture/utcn-ca-labs/lab_3/lab_3.srcs/constrs_1/new/nexys.xdc:60]
CRITICAL WARNING: [Common 17-55] 'set_property' expects at least one object. [C:/Users/sebi/OneDrive - Technical University of Cluj-Napoca/Documents/Facultate/Anul 2/Semestrul 2/CA - Computer Architecture/utcn-ca-labs/lab_3/lab_3.srcs/constrs_1/new/nexys.xdc:60]
Resolution: If [get_<value>] was used to populate the object, check to make sure this command returns at least one valid object.
WARNING: [Vivado 12-584] No ports matched 'cat[5]'. [C:/Users/sebi/OneDrive - Technical University of Cluj-Napoca/Documents/Facultate/Anul 2/Semestrul 2/CA - Computer Architecture/utcn-ca-labs/lab_3/lab_3.srcs/constrs_1/new/nexys.xdc:61]
CRITICAL WARNING: [Common 17-55] 'set_property' expects at least one object. [C:/Users/sebi/OneDrive - Technical University of Cluj-Napoca/Documents/Facultate/Anul 2/Semestrul 2/CA - Computer Architecture/utcn-ca-labs/lab_3/lab_3.srcs/constrs_1/new/nexys.xdc:61]
Resolution: If [get_<value>] was used to populate the object, check to make sure this command returns at least one valid object.
WARNING: [Vivado 12-584] No ports matched 'cat[6]'. [C:/Users/sebi/OneDrive - Technical University of Cluj-Napoca/Documents/Facultate/Anul 2/Semestrul 2/CA - Computer Architecture/utcn-ca-labs/lab_3/lab_3.srcs/constrs_1/new/nexys.xdc:62]
CRITICAL WARNING: [Common 17-55] 'set_property' expects at least one object. [C:/Users/sebi/OneDrive - Technical University of Cluj-Napoca/Documents/Facultate/Anul 2/Semestrul 2/CA - Computer Architecture/utcn-ca-labs/lab_3/lab_3.srcs/constrs_1/new/nexys.xdc:62]
Resolution: If [get_<value>] was used to populate the object, check to make sure this command returns at least one valid object.
WARNING: [Vivado 12-584] No ports matched 'an[0]'. [C:/Users/sebi/OneDrive - Technical University of Cluj-Napoca/Documents/Facultate/Anul 2/Semestrul 2/CA - Computer Architecture/utcn-ca-labs/lab_3/lab_3.srcs/constrs_1/new/nexys.xdc:64]
CRITICAL WARNING: [Common 17-55] 'set_property' expects at least one object. [C:/Users/sebi/OneDrive - Technical University of Cluj-Napoca/Documents/Facultate/Anul 2/Semestrul 2/CA - Computer Architecture/utcn-ca-labs/lab_3/lab_3.srcs/constrs_1/new/nexys.xdc:64]
Resolution: If [get_<value>] was used to populate the object, check to make sure this command returns at least one valid object.
WARNING: [Vivado 12-584] No ports matched 'an[1]'. [C:/Users/sebi/OneDrive - Technical University of Cluj-Napoca/Documents/Facultate/Anul 2/Semestrul 2/CA - Computer Architecture/utcn-ca-labs/lab_3/lab_3.srcs/constrs_1/new/nexys.xdc:65]
CRITICAL WARNING: [Common 17-55] 'set_property' expects at least one object. [C:/Users/sebi/OneDrive - Technical University of Cluj-Napoca/Documents/Facultate/Anul 2/Semestrul 2/CA - Computer Architecture/utcn-ca-labs/lab_3/lab_3.srcs/constrs_1/new/nexys.xdc:65]
Resolution: If [get_<value>] was used to populate the object, check to make sure this command returns at least one valid object.
WARNING: [Vivado 12-584] No ports matched 'an[2]'. [C:/Users/sebi/OneDrive - Technical University of Cluj-Napoca/Documents/Facultate/Anul 2/Semestrul 2/CA - Computer Architecture/utcn-ca-labs/lab_3/lab_3.srcs/constrs_1/new/nexys.xdc:66]
CRITICAL WARNING: [Common 17-55] 'set_property' expects at least one object. [C:/Users/sebi/OneDrive - Technical University of Cluj-Napoca/Documents/Facultate/Anul 2/Semestrul 2/CA - Computer Architecture/utcn-ca-labs/lab_3/lab_3.srcs/constrs_1/new/nexys.xdc:66]
Resolution: If [get_<value>] was used to populate the object, check to make sure this command returns at least one valid object.
WARNING: [Vivado 12-584] No ports matched 'an[3]'. [C:/Users/sebi/OneDrive - Technical University of Cluj-Napoca/Documents/Facultate/Anul 2/Semestrul 2/CA - Computer Architecture/utcn-ca-labs/lab_3/lab_3.srcs/constrs_1/new/nexys.xdc:67]
CRITICAL WARNING: [Common 17-55] 'set_property' expects at least one object. [C:/Users/sebi/OneDrive - Technical University of Cluj-Napoca/Documents/Facultate/Anul 2/Semestrul 2/CA - Computer Architecture/utcn-ca-labs/lab_3/lab_3.srcs/constrs_1/new/nexys.xdc:67]
Resolution: If [get_<value>] was used to populate the object, check to make sure this command returns at least one valid object.
WARNING: [Vivado 12-584] No ports matched 'an[4]'. [C:/Users/sebi/OneDrive - Technical University of Cluj-Napoca/Documents/Facultate/Anul 2/Semestrul 2/CA - Computer Architecture/utcn-ca-labs/lab_3/lab_3.srcs/constrs_1/new/nexys.xdc:68]
CRITICAL WARNING: [Common 17-55] 'set_property' expects at least one object. [C:/Users/sebi/OneDrive - Technical University of Cluj-Napoca/Documents/Facultate/Anul 2/Semestrul 2/CA - Computer Architecture/utcn-ca-labs/lab_3/lab_3.srcs/constrs_1/new/nexys.xdc:68]
Resolution: If [get_<value>] was used to populate the object, check to make sure this command returns at least one valid object.
WARNING: [Vivado 12-584] No ports matched 'an[5]'. [C:/Users/sebi/OneDrive - Technical University of Cluj-Napoca/Documents/Facultate/Anul 2/Semestrul 2/CA - Computer Architecture/utcn-ca-labs/lab_3/lab_3.srcs/constrs_1/new/nexys.xdc:69]
CRITICAL WARNING: [Common 17-55] 'set_property' expects at least one object. [C:/Users/sebi/OneDrive - Technical University of Cluj-Napoca/Documents/Facultate/Anul 2/Semestrul 2/CA - Computer Architecture/utcn-ca-labs/lab_3/lab_3.srcs/constrs_1/new/nexys.xdc:69]
Resolution: If [get_<value>] was used to populate the object, check to make sure this command returns at least one valid object.
WARNING: [Vivado 12-584] No ports matched 'an[6]'. [C:/Users/sebi/OneDrive - Technical University of Cluj-Napoca/Documents/Facultate/Anul 2/Semestrul 2/CA - Computer Architecture/utcn-ca-labs/lab_3/lab_3.srcs/constrs_1/new/nexys.xdc:70]
CRITICAL WARNING: [Common 17-55] 'set_property' expects at least one object. [C:/Users/sebi/OneDrive - Technical University of Cluj-Napoca/Documents/Facultate/Anul 2/Semestrul 2/CA - Computer Architecture/utcn-ca-labs/lab_3/lab_3.srcs/constrs_1/new/nexys.xdc:70]
Resolution: If [get_<value>] was used to populate the object, check to make sure this command returns at least one valid object.
WARNING: [Vivado 12-584] No ports matched 'an[7]'. [C:/Users/sebi/OneDrive - Technical University of Cluj-Napoca/Documents/Facultate/Anul 2/Semestrul 2/CA - Computer Architecture/utcn-ca-labs/lab_3/lab_3.srcs/constrs_1/new/nexys.xdc:71]
CRITICAL WARNING: [Common 17-55] 'set_property' expects at least one object. [C:/Users/sebi/OneDrive - Technical University of Cluj-Napoca/Documents/Facultate/Anul 2/Semestrul 2/CA - Computer Architecture/utcn-ca-labs/lab_3/lab_3.srcs/constrs_1/new/nexys.xdc:71]
Resolution: If [get_<value>] was used to populate the object, check to make sure this command returns at least one valid object.
WARNING: [Vivado 12-584] No ports matched 'btn[0]'. [C:/Users/sebi/OneDrive - Technical University of Cluj-Napoca/Documents/Facultate/Anul 2/Semestrul 2/CA - Computer Architecture/utcn-ca-labs/lab_3/lab_3.srcs/constrs_1/new/nexys.xdc:77]
CRITICAL WARNING: [Common 17-55] 'set_property' expects at least one object. [C:/Users/sebi/OneDrive - Technical University of Cluj-Napoca/Documents/Facultate/Anul 2/Semestrul 2/CA - Computer Architecture/utcn-ca-labs/lab_3/lab_3.srcs/constrs_1/new/nexys.xdc:77]
Resolution: If [get_<value>] was used to populate the object, check to make sure this command returns at least one valid object.
WARNING: [Vivado 12-584] No ports matched 'btn[1]'. [C:/Users/sebi/OneDrive - Technical University of Cluj-Napoca/Documents/Facultate/Anul 2/Semestrul 2/CA - Computer Architecture/utcn-ca-labs/lab_3/lab_3.srcs/constrs_1/new/nexys.xdc:78]
CRITICAL WARNING: [Common 17-55] 'set_property' expects at least one object. [C:/Users/sebi/OneDrive - Technical University of Cluj-Napoca/Documents/Facultate/Anul 2/Semestrul 2/CA - Computer Architecture/utcn-ca-labs/lab_3/lab_3.srcs/constrs_1/new/nexys.xdc:78]
Resolution: If [get_<value>] was used to populate the object, check to make sure this command returns at least one valid object.
WARNING: [Vivado 12-584] No ports matched 'btn[2]'. [C:/Users/sebi/OneDrive - Technical University of Cluj-Napoca/Documents/Facultate/Anul 2/Semestrul 2/CA - Computer Architecture/utcn-ca-labs/lab_3/lab_3.srcs/constrs_1/new/nexys.xdc:79]
CRITICAL WARNING: [Common 17-55] 'set_property' expects at least one object. [C:/Users/sebi/OneDrive - Technical University of Cluj-Napoca/Documents/Facultate/Anul 2/Semestrul 2/CA - Computer Architecture/utcn-ca-labs/lab_3/lab_3.srcs/constrs_1/new/nexys.xdc:79]
Resolution: If [get_<value>] was used to populate the object, check to make sure this command returns at least one valid object.
WARNING: [Vivado 12-584] No ports matched 'btn[3]'. [C:/Users/sebi/OneDrive - Technical University of Cluj-Napoca/Documents/Facultate/Anul 2/Semestrul 2/CA - Computer Architecture/utcn-ca-labs/lab_3/lab_3.srcs/constrs_1/new/nexys.xdc:80]
CRITICAL WARNING: [Common 17-55] 'set_property' expects at least one object. [C:/Users/sebi/OneDrive - Technical University of Cluj-Napoca/Documents/Facultate/Anul 2/Semestrul 2/CA - Computer Architecture/utcn-ca-labs/lab_3/lab_3.srcs/constrs_1/new/nexys.xdc:80]
Resolution: If [get_<value>] was used to populate the object, check to make sure this command returns at least one valid object.
WARNING: [Vivado 12-584] No ports matched 'btn[4]'. [C:/Users/sebi/OneDrive - Technical University of Cluj-Napoca/Documents/Facultate/Anul 2/Semestrul 2/CA - Computer Architecture/utcn-ca-labs/lab_3/lab_3.srcs/constrs_1/new/nexys.xdc:81]
CRITICAL WARNING: [Common 17-55] 'set_property' expects at least one object. [C:/Users/sebi/OneDrive - Technical University of Cluj-Napoca/Documents/Facultate/Anul 2/Semestrul 2/CA - Computer Architecture/utcn-ca-labs/lab_3/lab_3.srcs/constrs_1/new/nexys.xdc:81]
Resolution: If [get_<value>] was used to populate the object, check to make sure this command returns at least one valid object.
Finished Parsing XDC File [C:/Users/sebi/OneDrive - Technical University of Cluj-Napoca/Documents/Facultate/Anul 2/Semestrul 2/CA - Computer Architecture/utcn-ca-labs/lab_3/lab_3.srcs/constrs_1/new/nexys.xdc]
INFO: [Opt 31-138] Pushed 0 inverter(s) to 0 load pin(s).
Netlist sorting complete. Time (s): cpu = 00:00:00 ; elapsed = 00:00:00.001 . Memory (MB): peak = 1032.500 ; gain = 0.000
INFO: [Project 1-111] Unisim Transformation Summary:
  A total of 6 instances were transformed.
  RAM32M => RAM32M (RAMD32(x6), RAMS32(x2)): 2 instances
  RAM32X1D => RAM32X1D (RAMD32(x2)): 4 instances

Access is denied.
7 Infos, 52 Warnings, 52 Critical Warnings and 0 Errors encountered.
link_design completed successfully
link_design: Time (s): cpu = 00:00:03 ; elapsed = 00:00:07 . Memory (MB): peak = 1032.500 ; gain = 545.188
Command: opt_design
Attempting to get a license for feature 'Implementation' and/or device 'xc7a100t'
INFO: [Common 17-349] Got license for feature 'Implementation' and/or device 'xc7a100t'
Running DRC as a precondition to command opt_design

Starting DRC Task
INFO: [DRC 23-27] Running DRC with 2 threads
INFO: [Project 1-461] DRC finished with 0 Errors
INFO: [Project 1-462] Please refer to the DRC report (report_drc) for more information.

Time (s): cpu = 00:00:00 ; elapsed = 00:00:01 . Memory (MB): peak = 1054.477 ; gain = 21.977

Starting Cache Timing Information Task
INFO: [Timing 38-35] Done setting XDC timing constraints.
Ending Cache Timing Information Task | Checksum: 26f64f013

Time (s): cpu = 00:00:05 ; elapsed = 00:00:09 . Memory (MB): peak = 1599.629 ; gain = 545.152

Starting Logic Optimization Task

Phase 1 Initialization

Phase 1.1 Core Generation And Design Setup
Phase 1.1 Core Generation And Design Setup | Checksum: 26f64f013

Time (s): cpu = 00:00:00 ; elapsed = 00:00:00.003 . Memory (MB): peak = 1968.293 ; gain = 0.000

Phase 1.2 Setup Constraints And Sort Netlist
Phase 1.2 Setup Constraints And Sort Netlist | Checksum: 26f64f013

Time (s): cpu = 00:00:00 ; elapsed = 00:00:00.004 . Memory (MB): peak = 1968.293 ; gain = 0.000
Phase 1 Initialization | Checksum: 26f64f013

Time (s): cpu = 00:00:00 ; elapsed = 00:00:00.005 . Memory (MB): peak = 1968.293 ; gain = 0.000

Phase 2 Timer Update And Timing Data Collection

Phase 2.1 Timer Update
Phase 2.1 Timer Update | Checksum: 26f64f013

Time (s): cpu = 00:00:00 ; elapsed = 00:00:00.012 . Memory (MB): peak = 1968.293 ; gain = 0.000

Phase 2.2 Timing Data Collection
Phase 2.2 Timing Data Collection | Checksum: 26f64f013

Time (s): cpu = 00:00:00 ; elapsed = 00:00:00.033 . Memory (MB): peak = 1968.293 ; gain = 0.000
Phase 2 Timer Update And Timing Data Collection | Checksum: 26f64f013

Time (s): cpu = 00:00:00 ; elapsed = 00:00:00.033 . Memory (MB): peak = 1968.293 ; gain = 0.000

Phase 3 Retarget
INFO: [Opt 31-138] Pushed 0 inverter(s) to 0 load pin(s).
INFO: [Opt 31-49] Retargeted 0 cell(s).
Phase 3 Retarget | Checksum: 26f64f013

Time (s): cpu = 00:00:00 ; elapsed = 00:00:00.047 . Memory (MB): peak = 1968.293 ; gain = 0.000
Retarget | Checksum: 26f64f013
INFO: [Opt 31-389] Phase Retarget created 0 cells and removed 0 cells

Phase 4 Constant propagation
INFO: [Opt 31-138] Pushed 0 inverter(s) to 0 load pin(s).
Phase 4 Constant propagation | Checksum: 26f64f013

Time (s): cpu = 00:00:00 ; elapsed = 00:00:00.049 . Memory (MB): peak = 1968.293 ; gain = 0.000
Constant propagation | Checksum: 26f64f013
INFO: [Opt 31-389] Phase Constant propagation created 0 cells and removed 0 cells

Phase 5 Sweep
Phase 5 Sweep | Checksum: 26f64f013

Time (s): cpu = 00:00:00 ; elapsed = 00:00:00.056 . Memory (MB): peak = 1968.293 ; gain = 0.000
Sweep | Checksum: 26f64f013
INFO: [Opt 31-389] Phase Sweep created 0 cells and removed 0 cells

Phase 6 BUFG optimization
Phase 6 BUFG optimization | Checksum: 26f64f013

Time (s): cpu = 00:00:00 ; elapsed = 00:00:00.113 . Memory (MB): peak = 1968.293 ; gain = 0.000
BUFG optimization | Checksum: 26f64f013
INFO: [Opt 31-662] Phase BUFG optimization created 0 cells of which 0 are BUFGs and removed 0 cells.

Phase 7 Shift Register Optimization
INFO: [Opt 31-1064] SRL Remap converted 0 SRLs to 0 registers and converted 0 registers of register chains to 0 SRLs
Phase 7 Shift Register Optimization | Checksum: 26f64f013

Time (s): cpu = 00:00:00 ; elapsed = 00:00:00.117 . Memory (MB): peak = 1968.293 ; gain = 0.000
Shift Register Optimization | Checksum: 26f64f013
INFO: [Opt 31-389] Phase Shift Register Optimization created 0 cells and removed 0 cells

Phase 8 Post Processing Netlist
Phase 8 Post Processing Netlist | Checksum: 26f64f013

Time (s): cpu = 00:00:00 ; elapsed = 00:00:00.121 . Memory (MB): peak = 1968.293 ; gain = 0.000
Post Processing Netlist | Checksum: 26f64f013
INFO: [Opt 31-389] Phase Post Processing Netlist created 0 cells and removed 0 cells

Phase 9 Finalization

Phase 9.1 Finalizing Design Cores and Updating Shapes
Phase 9.1 Finalizing Design Cores and Updating Shapes | Checksum: 26f64f013

Time (s): cpu = 00:00:00 ; elapsed = 00:00:00.123 . Memory (MB): peak = 1968.293 ; gain = 0.000

Phase 9.2 Verifying Netlist Connectivity

Starting Connectivity Check Task

Time (s): cpu = 00:00:00 ; elapsed = 00:00:00 . Memory (MB): peak = 1968.293 ; gain = 0.000
Phase 9.2 Verifying Netlist Connectivity | Checksum: 26f64f013

Time (s): cpu = 00:00:00 ; elapsed = 00:00:00.125 . Memory (MB): peak = 1968.293 ; gain = 0.000
Phase 9 Finalization | Checksum: 26f64f013

Time (s): cpu = 00:00:00 ; elapsed = 00:00:00.125 . Memory (MB): peak = 1968.293 ; gain = 0.000
Opt_design Change Summary
=========================


-------------------------------------------------------------------------------------------------------------------------
|  Phase                        |  #Cells created  |  #Cells Removed  |  #Constrained objects preventing optimizations  |
-------------------------------------------------------------------------------------------------------------------------
|  Retarget                     |               0  |               0  |                                              0  |
|  Constant propagation         |               0  |               0  |                                              0  |
|  Sweep                        |               0  |               0  |                                              0  |
|  BUFG optimization            |               0  |               0  |                                              0  |
|  Shift Register Optimization  |               0  |               0  |                                              0  |
|  Post Processing Netlist      |               0  |               0  |                                              0  |
-------------------------------------------------------------------------------------------------------------------------


Ending Logic Optimization Task | Checksum: 26f64f013

Time (s): cpu = 00:00:00 ; elapsed = 00:00:00.126 . Memory (MB): peak = 1968.293 ; gain = 0.000
INFO: [Constraints 18-11670] Building netlist checker database with flags, 0x8
Done building netlist checker database: Time (s): cpu = 00:00:00 ; elapsed = 00:00:00 . Memory (MB): peak = 1968.293 ; gain = 0.000

Starting Power Optimization Task
INFO: [Pwropt 34-132] Skipping clock gating for clocks with a period < 2.00 ns.
Ending Power Optimization Task | Checksum: 26f64f013

Time (s): cpu = 00:00:00 ; elapsed = 00:00:00.033 . Memory (MB): peak = 1968.293 ; gain = 0.000

Starting Final Cleanup Task
Ending Final Cleanup Task | Checksum: 26f64f013

Time (s): cpu = 00:00:00 ; elapsed = 00:00:00 . Memory (MB): peak = 1968.293 ; gain = 0.000

Starting Netlist Obfuscation Task
Netlist sorting complete. Time (s): cpu = 00:00:00 ; elapsed = 00:00:00 . Memory (MB): peak = 1968.293 ; gain = 0.000
Ending Netlist Obfuscation Task | Checksum: 26f64f013

Time (s): cpu = 00:00:00 ; elapsed = 00:00:00.001 . Memory (MB): peak = 1968.293 ; gain = 0.000
INFO: [Common 17-83] Releasing license: Implementation
25 Infos, 52 Warnings, 52 Critical Warnings and 0 Errors encountered.
opt_design completed successfully
opt_design: Time (s): cpu = 00:00:08 ; elapsed = 00:00:16 . Memory (MB): peak = 1968.293 ; gain = 935.793
INFO: [runtcl-4] Executing : report_drc -file reg_file_drc_opted.rpt -pb reg_file_drc_opted.pb -rpx reg_file_drc_opted.rpx
Command: report_drc -file reg_file_drc_opted.rpt -pb reg_file_drc_opted.pb -rpx reg_file_drc_opted.rpx
INFO: [IP_Flow 19-234] Refreshing IP repositories
INFO: [IP_Flow 19-1704] No user IP repositories specified
INFO: [IP_Flow 19-2313] Loaded Vivado IP repository 'C:/Xilinx/Vivado/2023.2/data/ip'.
INFO: [DRC 23-27] Running DRC with 2 threads
INFO: [Vivado_Tcl 2-168] The results of DRC are in file C:/Users/sebi/OneDrive - Technical University of Cluj-Napoca/Documents/Facultate/Anul 2/Semestrul 2/CA - Computer Architecture/utcn-ca-labs/lab_3/lab_3.runs/impl_1/reg_file_drc_opted.rpt.
report_drc completed successfully
INFO: [Timing 38-480] Writing timing data to binary archive.
Write ShapeDB Complete: Time (s): cpu = 00:00:00 ; elapsed = 00:00:00.001 . Memory (MB): peak = 1968.293 ; gain = 0.000
Wrote PlaceDB: Time (s): cpu = 00:00:00 ; elapsed = 00:00:00 . Memory (MB): peak = 1968.293 ; gain = 0.000
Wrote PulsedLatchDB: Time (s): cpu = 00:00:00 ; elapsed = 00:00:00 . Memory (MB): peak = 1968.293 ; gain = 0.000
Writing XDEF routing.
Writing XDEF routing logical nets.
Writing XDEF routing special nets.
Wrote RouteStorage: Time (s): cpu = 00:00:00 ; elapsed = 00:00:00.028 . Memory (MB): peak = 1968.293 ; gain = 0.000
Wrote Netlist Cache: Time (s): cpu = 00:00:00 ; elapsed = 00:00:00 . Memory (MB): peak = 1968.293 ; gain = 0.000
Wrote Device Cache: Time (s): cpu = 00:00:00 ; elapsed = 00:00:00.013 . Memory (MB): peak = 1968.293 ; gain = 0.000
Write Physdb Complete: Time (s): cpu = 00:00:00 ; elapsed = 00:00:00.052 . Memory (MB): peak = 1968.293 ; gain = 0.000
INFO: [Common 17-1381] The checkpoint 'C:/Users/sebi/OneDrive - Technical University of Cluj-Napoca/Documents/Facultate/Anul 2/Semestrul 2/CA - Computer Architecture/utcn-ca-labs/lab_3/lab_3.runs/impl_1/reg_file_opt.dcp' has been generated.
Command: place_design
Attempting to get a license for feature 'Implementation' and/or device 'xc7a100t'
INFO: [Common 17-349] Got license for feature 'Implementation' and/or device 'xc7a100t'
INFO: [Common 17-83] Releasing license: Implementation
INFO: [DRC 23-27] Running DRC with 2 threads
INFO: [Vivado_Tcl 4-198] DRC finished with 0 Errors
INFO: [Vivado_Tcl 4-199] Please refer to the DRC report (report_drc) for more information.
Running DRC as a precondition to command place_design
INFO: [DRC 23-27] Running DRC with 2 threads
INFO: [Vivado_Tcl 4-198] DRC finished with 0 Errors
INFO: [Vivado_Tcl 4-199] Please refer to the DRC report (report_drc) for more information.
INFO: [Place 30-611] Multithreading enabled for place_design using a maximum of 2 CPUs

Starting Placer Task

Phase 1 Placer Initialization

Phase 1.1 Placer Initialization Netlist Sorting
Netlist sorting complete. Time (s): cpu = 00:00:00 ; elapsed = 00:00:00 . Memory (MB): peak = 1968.293 ; gain = 0.000
Phase 1.1 Placer Initialization Netlist Sorting | Checksum: 1a10806f7

Time (s): cpu = 00:00:00 ; elapsed = 00:00:00.007 . Memory (MB): peak = 1968.293 ; gain = 0.000
Netlist sorting complete. Time (s): cpu = 00:00:00 ; elapsed = 00:00:00 . Memory (MB): peak = 1968.293 ; gain = 0.000

Phase 1.2 IO Placement/ Clock Placement/ Build Placer Device
INFO: [Timing 38-35] Done setting XDC timing constraints.
Phase 1.2 IO Placement/ Clock Placement/ Build Placer Device | Checksum: b5df75dc

Time (s): cpu = 00:00:00 ; elapsed = 00:00:00.364 . Memory (MB): peak = 1968.293 ; gain = 0.000

Phase 1.3 Build Placer Netlist Model
WARNING: [Place 30-2953] Timing driven mode will be turned off because no critical terminals were found.
Phase 1.3 Build Placer Netlist Model | Checksum: dc376320

Time (s): cpu = 00:00:00 ; elapsed = 00:00:00.554 . Memory (MB): peak = 1968.293 ; gain = 0.000

Phase 1.4 Constrain Clocks/Macros
Phase 1.4 Constrain Clocks/Macros | Checksum: dc376320

Time (s): cpu = 00:00:00 ; elapsed = 00:00:00.557 . Memory (MB): peak = 1968.293 ; gain = 0.000
Phase 1 Placer Initialization | Checksum: dc376320

Time (s): cpu = 00:00:00 ; elapsed = 00:00:00.563 . Memory (MB): peak = 1968.293 ; gain = 0.000

Phase 2 Global Placement

Phase 2.1 Floorplanning
Phase 2.1 Floorplanning | Checksum: dc376320

Time (s): cpu = 00:00:00 ; elapsed = 00:00:00.582 . Memory (MB): peak = 1968.293 ; gain = 0.000

Phase 2.2 Update Timing before SLR Path Opt
Phase 2.2 Update Timing before SLR Path Opt | Checksum: dc376320

Time (s): cpu = 00:00:00 ; elapsed = 00:00:00.583 . Memory (MB): peak = 1968.293 ; gain = 0.000

Phase 2.3 Post-Processing in Floorplanning
Phase 2.3 Post-Processing in Floorplanning | Checksum: dc376320

Time (s): cpu = 00:00:00 ; elapsed = 00:00:00.583 . Memory (MB): peak = 1968.293 ; gain = 0.000

Phase 2.4 Global Placement Core
WARNING: [Place 46-29] Timing had been disabled during Placer and, therefore, physical synthesis in Placer will be skipped.
Phase 2.4 Global Placement Core | Checksum: 11416c6e8

Time (s): cpu = 00:00:00 ; elapsed = 00:00:01 . Memory (MB): peak = 1968.293 ; gain = 0.000
Phase 2 Global Placement | Checksum: 11416c6e8

Time (s): cpu = 00:00:00 ; elapsed = 00:00:01 . Memory (MB): peak = 1968.293 ; gain = 0.000

Phase 3 Detail Placement

Phase 3.1 Commit Multi Column Macros
Phase 3.1 Commit Multi Column Macros | Checksum: 11416c6e8

Time (s): cpu = 00:00:00 ; elapsed = 00:00:01 . Memory (MB): peak = 1968.293 ; gain = 0.000

Phase 3.2 Commit Most Macros & LUTRAMs
Phase 3.2 Commit Most Macros & LUTRAMs | Checksum: b0d2edb2

Time (s): cpu = 00:00:00 ; elapsed = 00:00:01 . Memory (MB): peak = 1968.293 ; gain = 0.000

Phase 3.3 Area Swap Optimization
Phase 3.3 Area Swap Optimization | Checksum: b0d2edb2

Time (s): cpu = 00:00:00 ; elapsed = 00:00:01 . Memory (MB): peak = 1968.293 ; gain = 0.000

Phase 3.4 Pipeline Register Optimization
Phase 3.4 Pipeline Register Optimization | Checksum: b0d2edb2

Time (s): cpu = 00:00:00 ; elapsed = 00:00:01 . Memory (MB): peak = 1968.293 ; gain = 0.000

Phase 3.5 Small Shape Detail Placement
Phase 3.5 Small Shape Detail Placement | Checksum: b0d2edb2

Time (s): cpu = 00:00:00 ; elapsed = 00:00:01 . Memory (MB): peak = 1968.293 ; gain = 0.000

Phase 3.6 Re-assign LUT pins
Phase 3.6 Re-assign LUT pins | Checksum: b0d2edb2

Time (s): cpu = 00:00:00 ; elapsed = 00:00:01 . Memory (MB): peak = 1968.293 ; gain = 0.000

Phase 3.7 Pipeline Register Optimization
Phase 3.7 Pipeline Register Optimization | Checksum: b0d2edb2

Time (s): cpu = 00:00:00 ; elapsed = 00:00:01 . Memory (MB): peak = 1968.293 ; gain = 0.000
Phase 3 Detail Placement | Checksum: b0d2edb2

Time (s): cpu = 00:00:00 ; elapsed = 00:00:01 . Memory (MB): peak = 1968.293 ; gain = 0.000

Phase 4 Post Placement Optimization and Clean-Up

Phase 4.1 Post Commit Optimization
Phase 4.1 Post Commit Optimization | Checksum: b0d2edb2

Time (s): cpu = 00:00:01 ; elapsed = 00:00:01 . Memory (MB): peak = 1968.293 ; gain = 0.000

Phase 4.2 Post Placement Cleanup
Phase 4.2 Post Placement Cleanup | Checksum: b0d2edb2

Time (s): cpu = 00:00:01 ; elapsed = 00:00:01 . Memory (MB): peak = 1968.293 ; gain = 0.000

Phase 4.3 Placer Reporting

Phase 4.3.1 Print Estimated Congestion
INFO: [Place 30-612] Post-Placement Estimated Congestion 
 ____________________________________________________
|           | Global Congestion | Short Congestion  |
| Direction | Region Size       | Region Size       |
|___________|___________________|___________________|
|      North|                1x1|                1x1|
|___________|___________________|___________________|
|      South|                1x1|                1x1|
|___________|___________________|___________________|
|       East|                1x1|                1x1|
|___________|___________________|___________________|
|       West|                1x1|                1x1|
|___________|___________________|___________________|

Phase 4.3.1 Print Estimated Congestion | Checksum: b0d2edb2

Time (s): cpu = 00:00:01 ; elapsed = 00:00:01 . Memory (MB): peak = 1968.293 ; gain = 0.000
Phase 4.3 Placer Reporting | Checksum: b0d2edb2

Time (s): cpu = 00:00:01 ; elapsed = 00:00:01 . Memory (MB): peak = 1968.293 ; gain = 0.000

Phase 4.4 Final Placement Cleanup
Netlist sorting complete. Time (s): cpu = 00:00:00 ; elapsed = 00:00:00.001 . Memory (MB): peak = 1968.293 ; gain = 0.000

Time (s): cpu = 00:00:01 ; elapsed = 00:00:01 . Memory (MB): peak = 1968.293 ; gain = 0.000
Phase 4 Post Placement Optimization and Clean-Up | Checksum: b0d2edb2

Time (s): cpu = 00:00:01 ; elapsed = 00:00:01 . Memory (MB): peak = 1968.293 ; gain = 0.000
Ending Placer Task | Checksum: 7380d1ff

Time (s): cpu = 00:00:01 ; elapsed = 00:00:01 . Memory (MB): peak = 1968.293 ; gain = 0.000
44 Infos, 54 Warnings, 52 Critical Warnings and 0 Errors encountered.
place_design completed successfully
INFO: [runtcl-4] Executing : report_io -file reg_file_io_placed.rpt
report_io: Time (s): cpu = 00:00:00 ; elapsed = 00:00:00.064 . Memory (MB): peak = 1968.293 ; gain = 0.000
INFO: [runtcl-4] Executing : report_utilization -file reg_file_utilization_placed.rpt -pb reg_file_utilization_placed.pb
INFO: [runtcl-4] Executing : report_control_sets -verbose -file reg_file_control_sets_placed.rpt
report_control_sets: Time (s): cpu = 00:00:00 ; elapsed = 00:00:00.002 . Memory (MB): peak = 1968.293 ; gain = 0.000
INFO: [Timing 38-480] Writing timing data to binary archive.
Write ShapeDB Complete: Time (s): cpu = 00:00:00 ; elapsed = 00:00:00.006 . Memory (MB): peak = 1968.293 ; gain = 0.000
Wrote PlaceDB: Time (s): cpu = 00:00:00 ; elapsed = 00:00:00.005 . Memory (MB): peak = 1968.293 ; gain = 0.000
Wrote PulsedLatchDB: Time (s): cpu = 00:00:00 ; elapsed = 00:00:00 . Memory (MB): peak = 1968.293 ; gain = 0.000
Writing XDEF routing.
Writing XDEF routing logical nets.
Writing XDEF routing special nets.
Wrote RouteStorage: Time (s): cpu = 00:00:00 ; elapsed = 00:00:00.023 . Memory (MB): peak = 1968.293 ; gain = 0.000
Wrote Netlist Cache: Time (s): cpu = 00:00:00 ; elapsed = 00:00:00 . Memory (MB): peak = 1968.293 ; gain = 0.000
Wrote Device Cache: Time (s): cpu = 00:00:00 ; elapsed = 00:00:00.014 . Memory (MB): peak = 1968.293 ; gain = 0.000
Write Physdb Complete: Time (s): cpu = 00:00:00 ; elapsed = 00:00:00.053 . Memory (MB): peak = 1968.293 ; gain = 0.000
INFO: [Common 17-1381] The checkpoint 'C:/Users/sebi/OneDrive - Technical University of Cluj-Napoca/Documents/Facultate/Anul 2/Semestrul 2/CA - Computer Architecture/utcn-ca-labs/lab_3/lab_3.runs/impl_1/reg_file_placed.dcp' has been generated.
Command: phys_opt_design
Attempting to get a license for feature 'Implementation' and/or device 'xc7a100t'
INFO: [Common 17-349] Got license for feature 'Implementation' and/or device 'xc7a100t'

Starting Initial Update Timing Task
INFO: [Timing 38-35] Done setting XDC timing constraints.

Time (s): cpu = 00:00:00 ; elapsed = 00:00:00.103 . Memory (MB): peak = 1968.293 ; gain = 0.000
INFO: [Vivado_Tcl 4-383] Design worst setup slack (WNS) is greater than or equal to 0.000 ns. Skipping all physical synthesis optimizations.
INFO: [Vivado_Tcl 4-232] No setup violation found. The netlist was not modified.
INFO: [Common 17-83] Releasing license: Implementation
54 Infos, 54 Warnings, 52 Critical Warnings and 0 Errors encountered.
phys_opt_design completed successfully
INFO: [Timing 38-480] Writing timing data to binary archive.
Write ShapeDB Complete: Time (s): cpu = 00:00:00 ; elapsed = 00:00:00.001 . Memory (MB): peak = 1986.070 ; gain = 0.000
Wrote PlaceDB: Time (s): cpu = 00:00:00 ; elapsed = 00:00:00.006 . Memory (MB): peak = 1986.070 ; gain = 0.000
Wrote PulsedLatchDB: Time (s): cpu = 00:00:00 ; elapsed = 00:00:00 . Memory (MB): peak = 1986.070 ; gain = 0.000
Writing XDEF routing.
Writing XDEF routing logical nets.
Writing XDEF routing special nets.
Wrote RouteStorage: Time (s): cpu = 00:00:00 ; elapsed = 00:00:00.026 . Memory (MB): peak = 1986.070 ; gain = 0.000
Wrote Netlist Cache: Time (s): cpu = 00:00:00 ; elapsed = 00:00:00 . Memory (MB): peak = 1986.070 ; gain = 0.000
Wrote Device Cache: Time (s): cpu = 00:00:00 ; elapsed = 00:00:00.009 . Memory (MB): peak = 1986.070 ; gain = 0.000
Write Physdb Complete: Time (s): cpu = 00:00:00 ; elapsed = 00:00:00.049 . Memory (MB): peak = 1986.070 ; gain = 0.000
INFO: [Common 17-1381] The checkpoint 'C:/Users/sebi/OneDrive - Technical University of Cluj-Napoca/Documents/Facultate/Anul 2/Semestrul 2/CA - Computer Architecture/utcn-ca-labs/lab_3/lab_3.runs/impl_1/reg_file_physopt.dcp' has been generated.
Command: route_design
Attempting to get a license for feature 'Implementation' and/or device 'xc7a100t'
INFO: [Common 17-349] Got license for feature 'Implementation' and/or device 'xc7a100t'
Running DRC as a precondition to command route_design
INFO: [DRC 23-27] Running DRC with 2 threads
INFO: [Vivado_Tcl 4-198] DRC finished with 0 Errors
INFO: [Vivado_Tcl 4-199] Please refer to the DRC report (report_drc) for more information.


Starting Routing Task
INFO: [Route 35-254] Multithreading enabled for route_design using a maximum of 8 CPUs

Phase 1 Build RT Design
Checksum: PlaceDB: 5f907f79 ConstDB: 0 ShapeSum: 13f05286 RouteDB: 0
Post Restoration Checksum: NetGraph: 5b550cd2 | NumContArr: e04bf7e8 | Constraints: c2a8fa9d | Timing: c2a8fa9d
Phase 1 Build RT Design | Checksum: 2c0f2f9f4

Time (s): cpu = 00:00:20 ; elapsed = 00:00:32 . Memory (MB): peak = 2126.758 ; gain = 131.656

Phase 2 Router Initialization

Phase 2.1 Fix Topology Constraints
Phase 2.1 Fix Topology Constraints | Checksum: 2c0f2f9f4

Time (s): cpu = 00:00:20 ; elapsed = 00:00:32 . Memory (MB): peak = 2126.758 ; gain = 131.656

Phase 2.2 Pre Route Cleanup
Phase 2.2 Pre Route Cleanup | Checksum: 2c0f2f9f4

Time (s): cpu = 00:00:20 ; elapsed = 00:00:32 . Memory (MB): peak = 2126.758 ; gain = 131.656
 Number of Nodes with overlaps = 0

Phase 2.3 Update Timing
Phase 2.3 Update Timing | Checksum: 2f7222806

Time (s): cpu = 00:00:20 ; elapsed = 00:00:32 . Memory (MB): peak = 2197.430 ; gain = 202.328

Router Utilization Summary
  Global Vertical Routing Utilization    = 0 %
  Global Horizontal Routing Utilization  = 0 %
  Routable Net Status*
  *Does not include unroutable nets such as driverless and loadless.
  Run report_route_status for detailed report.
  Number of Failed Nets               = 34
    (Failed Nets is the sum of unrouted and partially routed nets)
  Number of Unrouted Nets             = 34
  Number of Partially Routed Nets     = 0
  Number of Node Overlaps             = 0

Phase 2 Router Initialization | Checksum: 2f7222806

Time (s): cpu = 00:00:21 ; elapsed = 00:00:33 . Memory (MB): peak = 2208.363 ; gain = 213.262

Phase 3 Initial Routing

Phase 3.1 Global Routing
Phase 3.1 Global Routing | Checksum: 2f7222806

Time (s): cpu = 00:00:21 ; elapsed = 00:00:33 . Memory (MB): peak = 2208.363 ; gain = 213.262

Phase 3.2 Initial Net Routing
Phase 3.2 Initial Net Routing | Checksum: 3128cf4d1

Time (s): cpu = 00:00:21 ; elapsed = 00:00:33 . Memory (MB): peak = 2208.363 ; gain = 213.262
Phase 3 Initial Routing | Checksum: 3128cf4d1

Time (s): cpu = 00:00:21 ; elapsed = 00:00:33 . Memory (MB): peak = 2208.363 ; gain = 213.262

Phase 4 Rip-up And Reroute

Phase 4.1 Global Iteration 0
 Number of Nodes with overlaps = 0
Phase 4.1 Global Iteration 0 | Checksum: 1ff103c04

Time (s): cpu = 00:00:21 ; elapsed = 00:00:33 . Memory (MB): peak = 2208.363 ; gain = 213.262
Phase 4 Rip-up And Reroute | Checksum: 1ff103c04

Time (s): cpu = 00:00:21 ; elapsed = 00:00:33 . Memory (MB): peak = 2208.363 ; gain = 213.262

Phase 5 Delay and Skew Optimization

Phase 5.1 Delay CleanUp
Phase 5.1 Delay CleanUp | Checksum: 1ff103c04

Time (s): cpu = 00:00:21 ; elapsed = 00:00:33 . Memory (MB): peak = 2208.363 ; gain = 213.262

Phase 5.2 Clock Skew Optimization
Phase 5.2 Clock Skew Optimization | Checksum: 1ff103c04

Time (s): cpu = 00:00:21 ; elapsed = 00:00:33 . Memory (MB): peak = 2208.363 ; gain = 213.262
Phase 5 Delay and Skew Optimization | Checksum: 1ff103c04

Time (s): cpu = 00:00:21 ; elapsed = 00:00:33 . Memory (MB): peak = 2208.363 ; gain = 213.262

Phase 6 Post Hold Fix

Phase 6.1 Hold Fix Iter

Phase 6.1.1 Update Timing
Phase 6.1.1 Update Timing | Checksum: 1ff103c04

Time (s): cpu = 00:00:21 ; elapsed = 00:00:33 . Memory (MB): peak = 2208.363 ; gain = 213.262
Phase 6.1 Hold Fix Iter | Checksum: 1ff103c04

Time (s): cpu = 00:00:21 ; elapsed = 00:00:33 . Memory (MB): peak = 2208.363 ; gain = 213.262
Phase 6 Post Hold Fix | Checksum: 1ff103c04

Time (s): cpu = 00:00:21 ; elapsed = 00:00:33 . Memory (MB): peak = 2208.363 ; gain = 213.262

Phase 7 Route finalize

Router Utilization Summary
  Global Vertical Routing Utilization    = 0.0148409 %
  Global Horizontal Routing Utilization  = 0.00902245 %
  Routable Net Status*
  *Does not include unroutable nets such as driverless and loadless.
  Run report_route_status for detailed report.
  Number of Failed Nets               = 0
    (Failed Nets is the sum of unrouted and partially routed nets)
  Number of Unrouted Nets             = 0
  Number of Partially Routed Nets     = 0
  Number of Node Overlaps             = 0

Phase 7 Route finalize | Checksum: 1ff103c04

Time (s): cpu = 00:00:21 ; elapsed = 00:00:33 . Memory (MB): peak = 2208.363 ; gain = 213.262

Phase 8 Verifying routed nets

 Verification completed successfully
Phase 8 Verifying routed nets | Checksum: 1ff103c04

Time (s): cpu = 00:00:21 ; elapsed = 00:00:33 . Memory (MB): peak = 2208.363 ; gain = 213.262

Phase 9 Depositing Routes
Phase 9 Depositing Routes | Checksum: 1ff103c04

Time (s): cpu = 00:00:21 ; elapsed = 00:00:33 . Memory (MB): peak = 2208.363 ; gain = 213.262

Phase 10 Post Router Timing
Phase 10 Post Router Timing | Checksum: 1ff103c04

Time (s): cpu = 00:00:21 ; elapsed = 00:00:33 . Memory (MB): peak = 2208.363 ; gain = 213.262
INFO: [Route 35-16] Router Completed Successfully

Phase 11 Post-Route Event Processing
Phase 11 Post-Route Event Processing | Checksum: 14bf37a28

Time (s): cpu = 00:00:21 ; elapsed = 00:00:33 . Memory (MB): peak = 2208.363 ; gain = 213.262
Ending Routing Task | Checksum: 14bf37a28

Time (s): cpu = 00:00:21 ; elapsed = 00:00:33 . Memory (MB): peak = 2208.363 ; gain = 213.262

Routing Is Done.
INFO: [Common 17-83] Releasing license: Implementation
63 Infos, 54 Warnings, 52 Critical Warnings and 0 Errors encountered.
route_design completed successfully
route_design: Time (s): cpu = 00:00:22 ; elapsed = 00:00:34 . Memory (MB): peak = 2208.363 ; gain = 222.293
INFO: [runtcl-4] Executing : report_drc -file reg_file_drc_routed.rpt -pb reg_file_drc_routed.pb -rpx reg_file_drc_routed.rpx
Command: report_drc -file reg_file_drc_routed.rpt -pb reg_file_drc_routed.pb -rpx reg_file_drc_routed.rpx
INFO: [IP_Flow 19-1839] IP Catalog is up to date.
INFO: [DRC 23-27] Running DRC with 2 threads
INFO: [Vivado_Tcl 2-168] The results of DRC are in file C:/Users/sebi/OneDrive - Technical University of Cluj-Napoca/Documents/Facultate/Anul 2/Semestrul 2/CA - Computer Architecture/utcn-ca-labs/lab_3/lab_3.runs/impl_1/reg_file_drc_routed.rpt.
report_drc completed successfully
INFO: [runtcl-4] Executing : report_methodology -file reg_file_methodology_drc_routed.rpt -pb reg_file_methodology_drc_routed.pb -rpx reg_file_methodology_drc_routed.rpx
Command: report_methodology -file reg_file_methodology_drc_routed.rpt -pb reg_file_methodology_drc_routed.pb -rpx reg_file_methodology_drc_routed.rpx
INFO: [Timing 38-35] Done setting XDC timing constraints.
INFO: [DRC 23-133] Running Methodology with 2 threads
INFO: [Vivado_Tcl 2-1520] The results of Report Methodology are in file C:/Users/sebi/OneDrive - Technical University of Cluj-Napoca/Documents/Facultate/Anul 2/Semestrul 2/CA - Computer Architecture/utcn-ca-labs/lab_3/lab_3.runs/impl_1/reg_file_methodology_drc_routed.rpt.
report_methodology completed successfully
INFO: [runtcl-4] Executing : report_power -file reg_file_power_routed.rpt -pb reg_file_power_summary_routed.pb -rpx reg_file_power_routed.rpx
Command: report_power -file reg_file_power_routed.rpt -pb reg_file_power_summary_routed.pb -rpx reg_file_power_routed.rpx
INFO: [Timing 38-35] Done setting XDC timing constraints.
Running Vector-less Activity Propagation...

Finished Running Vector-less Activity Propagation
73 Infos, 54 Warnings, 52 Critical Warnings and 0 Errors encountered.
report_power completed successfully
INFO: [runtcl-4] Executing : report_route_status -file reg_file_route_status.rpt -pb reg_file_route_status.pb
INFO: [runtcl-4] Executing : report_timing_summary -max_paths 10 -report_unconstrained -file reg_file_timing_summary_routed.rpt -pb reg_file_timing_summary_routed.pb -rpx reg_file_timing_summary_routed.rpx -warn_on_violation 
INFO: [Timing 38-91] UpdateTimingParams: Speed grade: -1, Delay Type: min_max.
INFO: [Timing 38-191] Multithreading enabled for timing update using a maximum of 2 CPUs
INFO: [runtcl-4] Executing : report_incremental_reuse -file reg_file_incremental_reuse_routed.rpt
INFO: [Vivado_Tcl 4-1062] Incremental flow is disabled. No incremental reuse Info to report.
INFO: [runtcl-4] Executing : report_clock_utilization -file reg_file_clock_utilization_routed.rpt
INFO: [runtcl-4] Executing : report_bus_skew -warn_on_violation -file reg_file_bus_skew_routed.rpt -pb reg_file_bus_skew_routed.pb -rpx reg_file_bus_skew_routed.rpx
INFO: [Timing 38-91] UpdateTimingParams: Speed grade: -1, Delay Type: min_max.
INFO: [Timing 38-191] Multithreading enabled for timing update using a maximum of 2 CPUs
INFO: [Timing 38-480] Writing timing data to binary archive.
Write ShapeDB Complete: Time (s): cpu = 00:00:00 ; elapsed = 00:00:00.002 . Memory (MB): peak = 2208.363 ; gain = 0.000
Wrote PlaceDB: Time (s): cpu = 00:00:00 ; elapsed = 00:00:00.006 . Memory (MB): peak = 2208.363 ; gain = 0.000
Wrote PulsedLatchDB: Time (s): cpu = 00:00:00 ; elapsed = 00:00:00 . Memory (MB): peak = 2208.363 ; gain = 0.000
Writing XDEF routing.
Writing XDEF routing logical nets.
Writing XDEF routing special nets.
Wrote RouteStorage: Time (s): cpu = 00:00:00 ; elapsed = 00:00:00.025 . Memory (MB): peak = 2208.363 ; gain = 0.000
Wrote Netlist Cache: Time (s): cpu = 00:00:00 ; elapsed = 00:00:00 . Memory (MB): peak = 2208.363 ; gain = 0.000
Wrote Device Cache: Time (s): cpu = 00:00:00 ; elapsed = 00:00:00.009 . Memory (MB): peak = 2208.363 ; gain = 0.000
Write Physdb Complete: Time (s): cpu = 00:00:00 ; elapsed = 00:00:00.050 . Memory (MB): peak = 2208.363 ; gain = 0.000
INFO: [Common 17-1381] The checkpoint 'C:/Users/sebi/OneDrive - Technical University of Cluj-Napoca/Documents/Facultate/Anul 2/Semestrul 2/CA - Computer Architecture/utcn-ca-labs/lab_3/lab_3.runs/impl_1/reg_file_routed.dcp' has been generated.
INFO: [Common 17-206] Exiting Vivado at Tue Mar 19 12:37:38 2024...
