
*** Running vivado
    with args -log alu_ssd.vds -m64 -product Vivado -mode batch -messageDb vivado.pb -notrace -source alu_ssd.tcl


ECHO is off.
ECHO is off.

****** Vivado v2023.2.2 (64-bit)
  **** SW Build 4126759 on Thu Feb  8 23:53:51 MST 2024
  **** IP Build 4126054 on Fri Feb  9 11:39:09 MST 2024
  **** SharedData Build 4115275 on Tue Jan 30 00:40:57 MST 2024
    ** Copyright 1986-2022 Xilinx, Inc. All Rights Reserved.
    ** Copyright 2022-2024 Advanced Micro Devices, Inc. All Rights Reserved.

source alu_ssd.tcl -notrace
create_project: Time (s): cpu = 00:00:02 ; elapsed = 00:00:09 . Memory (MB): peak = 487.352 ; gain = 181.402
Command: read_checkpoint -auto_incremental -incremental {C:/Users/sebi/OneDrive - Technical University of Cluj-Napoca/Documents/Facultate/Anul 2/Semestrul 2/CA - Computer Architecture/utcn-ca-labs/lab_2/lab_2.srcs/utils_1/imports/synth_1/alu_ssd.dcp}
INFO: [Vivado 12-5825] Read reference checkpoint from C:/Users/sebi/OneDrive - Technical University of Cluj-Napoca/Documents/Facultate/Anul 2/Semestrul 2/CA - Computer Architecture/utcn-ca-labs/lab_2/lab_2.srcs/utils_1/imports/synth_1/alu_ssd.dcp for incremental synthesis
INFO: [Vivado 12-7989] Please ensure there are no constraint changes
Command: synth_design -top alu_ssd -part xc7a100tcsg324-1
Starting synth_design
Attempting to get a license for feature 'Synthesis' and/or device 'xc7a100t'
INFO: [Common 17-349] Got license for feature 'Synthesis' and/or device 'xc7a100t'
INFO: [Device 21-403] Loading part xc7a100tcsg324-1
INFO: [Designutils 20-5440] No compile time benefit to using incremental synthesis; A full resynthesis will be run
INFO: [Designutils 20-4379] Flow is switching to default flow due to incremental criteria not met. If you would like to alter this behaviour and have the flow terminate instead, please set the following parameter config_implementation {autoIncr.Synth.RejectBehavior Terminate}
INFO: [Synth 8-7079] Multithreading enabled for synth_design using a maximum of 2 processes.
INFO: [Synth 8-7078] Launching helper process for spawning children vivado processes
INFO: [Synth 8-7075] Helper process launched with PID 13800
---------------------------------------------------------------------------------
Starting RTL Elaboration : Time (s): cpu = 00:00:03 ; elapsed = 00:00:06 . Memory (MB): peak = 1341.176 ; gain = 440.102
---------------------------------------------------------------------------------
INFO: [Synth 8-638] synthesizing module 'alu_ssd' [C:/Users/sebi/OneDrive - Technical University of Cluj-Napoca/Documents/Facultate/Anul 2/Semestrul 2/CA - Computer Architecture/utcn-ca-labs/lab_2/lab_2.srcs/sources_1/new/alu_ssd.vhd:47]
INFO: [Synth 8-638] synthesizing module 'alu' [C:/Users/sebi/OneDrive - Technical University of Cluj-Napoca/Documents/Facultate/Anul 2/Semestrul 2/CA - Computer Architecture/utcn-ca-labs/lab_2/lab_2.srcs/sources_1/new/alu.vhd:46]
INFO: [Synth 8-638] synthesizing module 'mpg' [C:/Users/sebi/OneDrive - Technical University of Cluj-Napoca/Documents/Facultate/Anul 2/Semestrul 2/CA - Computer Architecture/utcn-ca-labs/lab_2/lab_2.srcs/sources_1/new/mpg.vhd:44]
INFO: [Synth 8-256] done synthesizing module 'mpg' (0#1) [C:/Users/sebi/OneDrive - Technical University of Cluj-Napoca/Documents/Facultate/Anul 2/Semestrul 2/CA - Computer Architecture/utcn-ca-labs/lab_2/lab_2.srcs/sources_1/new/mpg.vhd:44]
INFO: [Synth 8-226] default block is never used [C:/Users/sebi/OneDrive - Technical University of Cluj-Napoca/Documents/Facultate/Anul 2/Semestrul 2/CA - Computer Architecture/utcn-ca-labs/lab_2/lab_2.srcs/sources_1/new/alu.vhd:73]
INFO: [Synth 8-256] done synthesizing module 'alu' (0#1) [C:/Users/sebi/OneDrive - Technical University of Cluj-Napoca/Documents/Facultate/Anul 2/Semestrul 2/CA - Computer Architecture/utcn-ca-labs/lab_2/lab_2.srcs/sources_1/new/alu.vhd:46]
INFO: [Synth 8-638] synthesizing module 'ssd' [C:/Users/sebi/OneDrive - Technical University of Cluj-Napoca/Documents/Facultate/Anul 2/Semestrul 2/CA - Computer Architecture/utcn-ca-labs/lab_2/lab_2.srcs/sources_1/new/ssd.vhd:45]
INFO: [Synth 8-226] default block is never used [C:/Users/sebi/OneDrive - Technical University of Cluj-Napoca/Documents/Facultate/Anul 2/Semestrul 2/CA - Computer Architecture/utcn-ca-labs/lab_2/lab_2.srcs/sources_1/new/ssd.vhd:61]
WARNING: [Synth 8-614] signal 'digits' is read in the process but is not in the sensitivity list [C:/Users/sebi/OneDrive - Technical University of Cluj-Napoca/Documents/Facultate/Anul 2/Semestrul 2/CA - Computer Architecture/utcn-ca-labs/lab_2/lab_2.srcs/sources_1/new/ssd.vhd:59]
INFO: [Synth 8-226] default block is never used [C:/Users/sebi/OneDrive - Technical University of Cluj-Napoca/Documents/Facultate/Anul 2/Semestrul 2/CA - Computer Architecture/utcn-ca-labs/lab_2/lab_2.srcs/sources_1/new/ssd.vhd:94]
INFO: [Synth 8-256] done synthesizing module 'ssd' (0#1) [C:/Users/sebi/OneDrive - Technical University of Cluj-Napoca/Documents/Facultate/Anul 2/Semestrul 2/CA - Computer Architecture/utcn-ca-labs/lab_2/lab_2.srcs/sources_1/new/ssd.vhd:45]
INFO: [Synth 8-256] done synthesizing module 'alu_ssd' (0#1) [C:/Users/sebi/OneDrive - Technical University of Cluj-Napoca/Documents/Facultate/Anul 2/Semestrul 2/CA - Computer Architecture/utcn-ca-labs/lab_2/lab_2.srcs/sources_1/new/alu_ssd.vhd:47]
WARNING: [Synth 8-7129] Port led[7] in module alu_ssd is either unconnected or has no load
WARNING: [Synth 8-7129] Port led[6] in module alu_ssd is either unconnected or has no load
WARNING: [Synth 8-7129] Port led[5] in module alu_ssd is either unconnected or has no load
WARNING: [Synth 8-7129] Port led[4] in module alu_ssd is either unconnected or has no load
WARNING: [Synth 8-7129] Port led[3] in module alu_ssd is either unconnected or has no load
WARNING: [Synth 8-7129] Port led[2] in module alu_ssd is either unconnected or has no load
WARNING: [Synth 8-7129] Port led[1] in module alu_ssd is either unconnected or has no load
WARNING: [Synth 8-7129] Port btn[3] in module alu_ssd is either unconnected or has no load
WARNING: [Synth 8-7129] Port btn[2] in module alu_ssd is either unconnected or has no load
WARNING: [Synth 8-7129] Port btn[1] in module alu_ssd is either unconnected or has no load
---------------------------------------------------------------------------------
Finished RTL Elaboration : Time (s): cpu = 00:00:04 ; elapsed = 00:00:09 . Memory (MB): peak = 1448.332 ; gain = 547.258
---------------------------------------------------------------------------------
---------------------------------------------------------------------------------
Start Handling Custom Attributes
---------------------------------------------------------------------------------
---------------------------------------------------------------------------------
Finished Handling Custom Attributes : Time (s): cpu = 00:00:04 ; elapsed = 00:00:09 . Memory (MB): peak = 1448.332 ; gain = 547.258
---------------------------------------------------------------------------------
---------------------------------------------------------------------------------
Finished RTL Optimization Phase 1 : Time (s): cpu = 00:00:04 ; elapsed = 00:00:09 . Memory (MB): peak = 1448.332 ; gain = 547.258
---------------------------------------------------------------------------------
Netlist sorting complete. Time (s): cpu = 00:00:00 ; elapsed = 00:00:00.003 . Memory (MB): peak = 1448.332 ; gain = 0.000
INFO: [Project 1-570] Preparing netlist for logic optimization

Processing XDC Constraints
Initializing timing engine
Parsing XDC File [C:/Users/sebi/OneDrive - Technical University of Cluj-Napoca/Documents/Facultate/Anul 2/Semestrul 2/CA - Computer Architecture/utcn-ca-labs/lab_2/lab_2.srcs/constrs_1/new/nexys.xdc]
WARNING: [Vivado 12-584] No ports matched 'led[8]'. [C:/Users/sebi/OneDrive - Technical University of Cluj-Napoca/Documents/Facultate/Anul 2/Semestrul 2/CA - Computer Architecture/utcn-ca-labs/lab_2/lab_2.srcs/constrs_1/new/nexys.xdc:38]
CRITICAL WARNING: [Common 17-55] 'set_property' expects at least one object. [C:/Users/sebi/OneDrive - Technical University of Cluj-Napoca/Documents/Facultate/Anul 2/Semestrul 2/CA - Computer Architecture/utcn-ca-labs/lab_2/lab_2.srcs/constrs_1/new/nexys.xdc:38]
Resolution: If [get_<value>] was used to populate the object, check to make sure this command returns at least one valid object.
WARNING: [Vivado 12-584] No ports matched 'led[9]'. [C:/Users/sebi/OneDrive - Technical University of Cluj-Napoca/Documents/Facultate/Anul 2/Semestrul 2/CA - Computer Architecture/utcn-ca-labs/lab_2/lab_2.srcs/constrs_1/new/nexys.xdc:39]
CRITICAL WARNING: [Common 17-55] 'set_property' expects at least one object. [C:/Users/sebi/OneDrive - Technical University of Cluj-Napoca/Documents/Facultate/Anul 2/Semestrul 2/CA - Computer Architecture/utcn-ca-labs/lab_2/lab_2.srcs/constrs_1/new/nexys.xdc:39]
Resolution: If [get_<value>] was used to populate the object, check to make sure this command returns at least one valid object.
WARNING: [Vivado 12-584] No ports matched 'led[10]'. [C:/Users/sebi/OneDrive - Technical University of Cluj-Napoca/Documents/Facultate/Anul 2/Semestrul 2/CA - Computer Architecture/utcn-ca-labs/lab_2/lab_2.srcs/constrs_1/new/nexys.xdc:40]
CRITICAL WARNING: [Common 17-55] 'set_property' expects at least one object. [C:/Users/sebi/OneDrive - Technical University of Cluj-Napoca/Documents/Facultate/Anul 2/Semestrul 2/CA - Computer Architecture/utcn-ca-labs/lab_2/lab_2.srcs/constrs_1/new/nexys.xdc:40]
Resolution: If [get_<value>] was used to populate the object, check to make sure this command returns at least one valid object.
WARNING: [Vivado 12-584] No ports matched 'led[11]'. [C:/Users/sebi/OneDrive - Technical University of Cluj-Napoca/Documents/Facultate/Anul 2/Semestrul 2/CA - Computer Architecture/utcn-ca-labs/lab_2/lab_2.srcs/constrs_1/new/nexys.xdc:41]
CRITICAL WARNING: [Common 17-55] 'set_property' expects at least one object. [C:/Users/sebi/OneDrive - Technical University of Cluj-Napoca/Documents/Facultate/Anul 2/Semestrul 2/CA - Computer Architecture/utcn-ca-labs/lab_2/lab_2.srcs/constrs_1/new/nexys.xdc:41]
Resolution: If [get_<value>] was used to populate the object, check to make sure this command returns at least one valid object.
WARNING: [Vivado 12-584] No ports matched 'led[12]'. [C:/Users/sebi/OneDrive - Technical University of Cluj-Napoca/Documents/Facultate/Anul 2/Semestrul 2/CA - Computer Architecture/utcn-ca-labs/lab_2/lab_2.srcs/constrs_1/new/nexys.xdc:42]
CRITICAL WARNING: [Common 17-55] 'set_property' expects at least one object. [C:/Users/sebi/OneDrive - Technical University of Cluj-Napoca/Documents/Facultate/Anul 2/Semestrul 2/CA - Computer Architecture/utcn-ca-labs/lab_2/lab_2.srcs/constrs_1/new/nexys.xdc:42]
Resolution: If [get_<value>] was used to populate the object, check to make sure this command returns at least one valid object.
WARNING: [Vivado 12-584] No ports matched 'led[13]'. [C:/Users/sebi/OneDrive - Technical University of Cluj-Napoca/Documents/Facultate/Anul 2/Semestrul 2/CA - Computer Architecture/utcn-ca-labs/lab_2/lab_2.srcs/constrs_1/new/nexys.xdc:43]
CRITICAL WARNING: [Common 17-55] 'set_property' expects at least one object. [C:/Users/sebi/OneDrive - Technical University of Cluj-Napoca/Documents/Facultate/Anul 2/Semestrul 2/CA - Computer Architecture/utcn-ca-labs/lab_2/lab_2.srcs/constrs_1/new/nexys.xdc:43]
Resolution: If [get_<value>] was used to populate the object, check to make sure this command returns at least one valid object.
WARNING: [Vivado 12-584] No ports matched 'led[14]'. [C:/Users/sebi/OneDrive - Technical University of Cluj-Napoca/Documents/Facultate/Anul 2/Semestrul 2/CA - Computer Architecture/utcn-ca-labs/lab_2/lab_2.srcs/constrs_1/new/nexys.xdc:44]
CRITICAL WARNING: [Common 17-55] 'set_property' expects at least one object. [C:/Users/sebi/OneDrive - Technical University of Cluj-Napoca/Documents/Facultate/Anul 2/Semestrul 2/CA - Computer Architecture/utcn-ca-labs/lab_2/lab_2.srcs/constrs_1/new/nexys.xdc:44]
Resolution: If [get_<value>] was used to populate the object, check to make sure this command returns at least one valid object.
WARNING: [Vivado 12-584] No ports matched 'led[15]'. [C:/Users/sebi/OneDrive - Technical University of Cluj-Napoca/Documents/Facultate/Anul 2/Semestrul 2/CA - Computer Architecture/utcn-ca-labs/lab_2/lab_2.srcs/constrs_1/new/nexys.xdc:45]
CRITICAL WARNING: [Common 17-55] 'set_property' expects at least one object. [C:/Users/sebi/OneDrive - Technical University of Cluj-Napoca/Documents/Facultate/Anul 2/Semestrul 2/CA - Computer Architecture/utcn-ca-labs/lab_2/lab_2.srcs/constrs_1/new/nexys.xdc:45]
Resolution: If [get_<value>] was used to populate the object, check to make sure this command returns at least one valid object.
WARNING: [Vivado 12-584] No ports matched 'btn[4]'. [C:/Users/sebi/OneDrive - Technical University of Cluj-Napoca/Documents/Facultate/Anul 2/Semestrul 2/CA - Computer Architecture/utcn-ca-labs/lab_2/lab_2.srcs/constrs_1/new/nexys.xdc:81]
CRITICAL WARNING: [Common 17-55] 'set_property' expects at least one object. [C:/Users/sebi/OneDrive - Technical University of Cluj-Napoca/Documents/Facultate/Anul 2/Semestrul 2/CA - Computer Architecture/utcn-ca-labs/lab_2/lab_2.srcs/constrs_1/new/nexys.xdc:81]
Resolution: If [get_<value>] was used to populate the object, check to make sure this command returns at least one valid object.
Finished Parsing XDC File [C:/Users/sebi/OneDrive - Technical University of Cluj-Napoca/Documents/Facultate/Anul 2/Semestrul 2/CA - Computer Architecture/utcn-ca-labs/lab_2/lab_2.srcs/constrs_1/new/nexys.xdc]
INFO: [Project 1-236] Implementation specific constraints were found while reading constraint file [C:/Users/sebi/OneDrive - Technical University of Cluj-Napoca/Documents/Facultate/Anul 2/Semestrul 2/CA - Computer Architecture/utcn-ca-labs/lab_2/lab_2.srcs/constrs_1/new/nexys.xdc]. These constraints will be ignored for synthesis but will be used in implementation. Impacted constraints are listed in the file [.Xil/alu_ssd_propImpl.xdc].
Resolution: To avoid this warning, move constraints listed in [.Xil/alu_ssd_propImpl.xdc] to another XDC file and exclude this new file from synthesis with the used_in_synthesis property (File Properties dialog in GUI) and re-run elaboration/synthesis.
Completed Processing XDC Constraints

Netlist sorting complete. Time (s): cpu = 00:00:00 ; elapsed = 00:00:00 . Memory (MB): peak = 1461.621 ; gain = 0.000
INFO: [Project 1-111] Unisim Transformation Summary:
No Unisim elements were transformed.

Access is denied.
Constraint Validation Runtime : Time (s): cpu = 00:00:00 ; elapsed = 00:00:00.003 . Memory (MB): peak = 1461.621 ; gain = 0.000
INFO: [Designutils 20-5440] No compile time benefit to using incremental synthesis; A full resynthesis will be run
INFO: [Designutils 20-4379] Flow is switching to default flow due to incremental criteria not met. If you would like to alter this behaviour and have the flow terminate instead, please set the following parameter config_implementation {autoIncr.Synth.RejectBehavior Terminate}
---------------------------------------------------------------------------------
Finished Constraint Validation : Time (s): cpu = 00:00:09 ; elapsed = 00:00:18 . Memory (MB): peak = 1461.621 ; gain = 560.547
---------------------------------------------------------------------------------
---------------------------------------------------------------------------------
Start Loading Part and Timing Information
---------------------------------------------------------------------------------
Loading part: xc7a100tcsg324-1
---------------------------------------------------------------------------------
Finished Loading Part and Timing Information : Time (s): cpu = 00:00:09 ; elapsed = 00:00:18 . Memory (MB): peak = 1461.621 ; gain = 560.547
---------------------------------------------------------------------------------
---------------------------------------------------------------------------------
Start Applying 'set_property' XDC Constraints
---------------------------------------------------------------------------------
---------------------------------------------------------------------------------
Finished applying 'set_property' XDC Constraints : Time (s): cpu = 00:00:09 ; elapsed = 00:00:18 . Memory (MB): peak = 1461.621 ; gain = 560.547
---------------------------------------------------------------------------------
---------------------------------------------------------------------------------
Finished RTL Optimization Phase 2 : Time (s): cpu = 00:00:10 ; elapsed = 00:00:18 . Memory (MB): peak = 1461.621 ; gain = 560.547
---------------------------------------------------------------------------------
---------------------------------------------------------------------------------
Start RTL Component Statistics 
---------------------------------------------------------------------------------
Detailed RTL Component Info : 
+---Adders : 
	   3 Input   32 Bit       Adders := 1     
	   2 Input    2 Bit       Adders := 1     
+---Registers : 
	                2 Bit    Registers := 1     
	                1 Bit    Registers := 3     
+---Muxes : 
	   4 Input   32 Bit        Muxes := 2     
	   8 Input    8 Bit        Muxes := 1     
---------------------------------------------------------------------------------
Finished RTL Component Statistics 
---------------------------------------------------------------------------------
---------------------------------------------------------------------------------
Start Part Resource Summary
---------------------------------------------------------------------------------
Part Resources:
DSPs: 240 (col length:80)
BRAMs: 270 (col length: RAMB18 80 RAMB36 40)
---------------------------------------------------------------------------------
Finished Part Resource Summary
---------------------------------------------------------------------------------
---------------------------------------------------------------------------------
Start Cross Boundary and Area Optimization
---------------------------------------------------------------------------------
WARNING: [Synth 8-7080] Parallel synthesis criteria is not met
WARNING: [Synth 8-7129] Port led[7] in module alu_ssd is either unconnected or has no load
WARNING: [Synth 8-7129] Port led[6] in module alu_ssd is either unconnected or has no load
WARNING: [Synth 8-7129] Port led[5] in module alu_ssd is either unconnected or has no load
WARNING: [Synth 8-7129] Port led[4] in module alu_ssd is either unconnected or has no load
WARNING: [Synth 8-7129] Port led[3] in module alu_ssd is either unconnected or has no load
WARNING: [Synth 8-7129] Port led[2] in module alu_ssd is either unconnected or has no load
WARNING: [Synth 8-7129] Port led[1] in module alu_ssd is either unconnected or has no load
WARNING: [Synth 8-7129] Port btn[3] in module alu_ssd is either unconnected or has no load
WARNING: [Synth 8-7129] Port btn[2] in module alu_ssd is either unconnected or has no load
WARNING: [Synth 8-7129] Port btn[1] in module alu_ssd is either unconnected or has no load
---------------------------------------------------------------------------------
Finished Cross Boundary and Area Optimization : Time (s): cpu = 00:00:11 ; elapsed = 00:00:21 . Memory (MB): peak = 1461.621 ; gain = 560.547
---------------------------------------------------------------------------------
---------------------------------------------------------------------------------
Start Applying XDC Timing Constraints
---------------------------------------------------------------------------------
---------------------------------------------------------------------------------
Finished Applying XDC Timing Constraints : Time (s): cpu = 00:00:14 ; elapsed = 00:00:28 . Memory (MB): peak = 1461.621 ; gain = 560.547
---------------------------------------------------------------------------------
---------------------------------------------------------------------------------
Start Timing Optimization
---------------------------------------------------------------------------------
---------------------------------------------------------------------------------
Finished Timing Optimization : Time (s): cpu = 00:00:14 ; elapsed = 00:00:28 . Memory (MB): peak = 1461.621 ; gain = 560.547
---------------------------------------------------------------------------------
---------------------------------------------------------------------------------
Start Technology Mapping
---------------------------------------------------------------------------------
---------------------------------------------------------------------------------
Finished Technology Mapping : Time (s): cpu = 00:00:14 ; elapsed = 00:00:28 . Memory (MB): peak = 1461.621 ; gain = 560.547
---------------------------------------------------------------------------------
---------------------------------------------------------------------------------
Start IO Insertion
---------------------------------------------------------------------------------
---------------------------------------------------------------------------------
Start Flattening Before IO Insertion
---------------------------------------------------------------------------------
---------------------------------------------------------------------------------
Finished Flattening Before IO Insertion
---------------------------------------------------------------------------------
---------------------------------------------------------------------------------
Start Final Netlist Cleanup
---------------------------------------------------------------------------------
---------------------------------------------------------------------------------
Finished Final Netlist Cleanup
---------------------------------------------------------------------------------
---------------------------------------------------------------------------------
Finished IO Insertion : Time (s): cpu = 00:00:17 ; elapsed = 00:00:33 . Memory (MB): peak = 1461.621 ; gain = 560.547
---------------------------------------------------------------------------------
---------------------------------------------------------------------------------
Start Renaming Generated Instances
---------------------------------------------------------------------------------
---------------------------------------------------------------------------------
Finished Renaming Generated Instances : Time (s): cpu = 00:00:17 ; elapsed = 00:00:33 . Memory (MB): peak = 1461.621 ; gain = 560.547
---------------------------------------------------------------------------------
---------------------------------------------------------------------------------
Start Rebuilding User Hierarchy
---------------------------------------------------------------------------------
---------------------------------------------------------------------------------
Finished Rebuilding User Hierarchy : Time (s): cpu = 00:00:17 ; elapsed = 00:00:33 . Memory (MB): peak = 1461.621 ; gain = 560.547
---------------------------------------------------------------------------------
---------------------------------------------------------------------------------
Start Renaming Generated Ports
---------------------------------------------------------------------------------
---------------------------------------------------------------------------------
Finished Renaming Generated Ports : Time (s): cpu = 00:00:17 ; elapsed = 00:00:33 . Memory (MB): peak = 1461.621 ; gain = 560.547
---------------------------------------------------------------------------------
---------------------------------------------------------------------------------
Start Handling Custom Attributes
---------------------------------------------------------------------------------
---------------------------------------------------------------------------------
Finished Handling Custom Attributes : Time (s): cpu = 00:00:17 ; elapsed = 00:00:33 . Memory (MB): peak = 1461.621 ; gain = 560.547
---------------------------------------------------------------------------------
---------------------------------------------------------------------------------
Start Renaming Generated Nets
---------------------------------------------------------------------------------
---------------------------------------------------------------------------------
Finished Renaming Generated Nets : Time (s): cpu = 00:00:17 ; elapsed = 00:00:33 . Memory (MB): peak = 1461.621 ; gain = 560.547
---------------------------------------------------------------------------------
---------------------------------------------------------------------------------
Start Writing Synthesis Report
---------------------------------------------------------------------------------

Report BlackBoxes: 
+-+--------------+----------+
| |BlackBox name |Instances |
+-+--------------+----------+
+-+--------------+----------+

Report Cell Usage: 
+------+-------+------+
|      |Cell   |Count |
+------+-------+------+
|1     |BUFG   |     1|
|2     |CARRY4 |    11|
|3     |LUT1   |     3|
|4     |LUT2   |     2|
|5     |LUT3   |    16|
|6     |LUT4   |    22|
|7     |LUT5   |    16|
|8     |LUT6   |    16|
|9     |FDRE   |    37|
|10    |IBUF   |    18|
|11    |OBUF   |    16|
|12    |OBUFT  |     7|
+------+-------+------+
---------------------------------------------------------------------------------
Finished Writing Synthesis Report : Time (s): cpu = 00:00:17 ; elapsed = 00:00:33 . Memory (MB): peak = 1461.621 ; gain = 560.547
---------------------------------------------------------------------------------
Synthesis finished with 0 errors, 0 critical warnings and 11 warnings.
Synthesis Optimization Runtime : Time (s): cpu = 00:00:12 ; elapsed = 00:00:31 . Memory (MB): peak = 1461.621 ; gain = 547.258
Synthesis Optimization Complete : Time (s): cpu = 00:00:17 ; elapsed = 00:00:33 . Memory (MB): peak = 1461.621 ; gain = 560.547
INFO: [Project 1-571] Translating synthesized netlist
Netlist sorting complete. Time (s): cpu = 00:00:00 ; elapsed = 00:00:00.002 . Memory (MB): peak = 1466.277 ; gain = 0.000
INFO: [Netlist 29-17] Analyzing 11 Unisim elements for replacement
INFO: [Netlist 29-28] Unisim Transformation completed in 0 CPU seconds
INFO: [Project 1-570] Preparing netlist for logic optimization
INFO: [Opt 31-138] Pushed 0 inverter(s) to 0 load pin(s).
Netlist sorting complete. Time (s): cpu = 00:00:00 ; elapsed = 00:00:00 . Memory (MB): peak = 1471.949 ; gain = 0.000
INFO: [Project 1-111] Unisim Transformation Summary:
No Unisim elements were transformed.

Access is denied.
Synth Design complete | Checksum: d82827c1
INFO: [Common 17-83] Releasing license: Synthesis
32 Infos, 31 Warnings, 9 Critical Warnings and 0 Errors encountered.
synth_design completed successfully
synth_design: Time (s): cpu = 00:00:20 ; elapsed = 00:00:39 . Memory (MB): peak = 1471.949 ; gain = 980.648
INFO: [runtcl-6] Synthesis results are not added to the cache due to CRITICAL_WARNING
Write ShapeDB Complete: Time (s): cpu = 00:00:00 ; elapsed = 00:00:00.001 . Memory (MB): peak = 1471.949 ; gain = 0.000
INFO: [Common 17-1381] The checkpoint 'C:/Users/sebi/OneDrive - Technical University of Cluj-Napoca/Documents/Facultate/Anul 2/Semestrul 2/CA - Computer Architecture/utcn-ca-labs/lab_2/lab_2.runs/synth_1/alu_ssd.dcp' has been generated.
INFO: [runtcl-4] Executing : report_utilization -file alu_ssd_utilization_synth.rpt -pb alu_ssd_utilization_synth.pb
INFO: [Common 17-206] Exiting Vivado at Tue Mar  5 13:29:10 2024...
